<?xml version="1.0" encoding="UTF-8"?>
<coverage generated="1725188992171" clover="3.2.0">
  <project timestamp="1725188992171" name="All files">
    <metrics statements="257" coveredstatements="187" conditionals="135" coveredconditionals="83" methods="82" coveredmethods="52" elements="474" coveredelements="322" complexity="0" loc="257" ncloc="257" packages="3" files="17" classes="17"/>
    <package name="components">
      <metrics statements="226" coveredstatements="178" conditionals="133" coveredconditionals="83" methods="74" coveredmethods="50"/>
      <file name="BookingCard.jsx" path="/home/shayzimm/t3assessments/yallambee-booking-app-frontend/src/components/BookingCard.jsx">
        <metrics statements="27" coveredstatements="23" conditionals="35" coveredconditionals="24" methods="7" coveredmethods="6"/>
        <line num="7" count="1" type="cond" truecount="0" falsecount="1"/>
        <line num="8" count="10" type="stmt"/>
        <line num="9" count="10" type="stmt"/>
        <line num="10" count="10" type="stmt"/>
        <line num="11" count="10" type="stmt"/>
        <line num="14" count="10" type="stmt"/>
        <line num="15" count="10" type="stmt"/>
        <line num="17" count="10" type="stmt"/>
        <line num="18" count="4" type="cond" truecount="3" falsecount="1"/>
        <line num="19" count="4" type="stmt"/>
        <line num="23" count="10" type="stmt"/>
        <line num="24" count="4" type="stmt"/>
        <line num="25" count="4" type="stmt"/>
        <line num="26" count="3" type="stmt"/>
        <line num="28" count="1" type="stmt"/>
        <line num="29" count="1" type="stmt"/>
        <line num="31" count="4" type="stmt"/>
        <line num="35" count="10" type="stmt"/>
        <line num="36" count="1" type="stmt"/>
        <line num="39" count="10" type="stmt"/>
        <line num="40" count="1" type="stmt"/>
        <line num="43" count="10" type="stmt"/>
        <line num="111" count="1" type="stmt"/>
        <line num="125" count="0" type="stmt"/>
        <line num="126" count="0" type="stmt"/>
        <line num="127" count="0" type="stmt"/>
        <line num="128" count="0" type="stmt"/>
      </file>
      <file name="Button.jsx" path="/home/shayzimm/t3assessments/yallambee-booking-app-frontend/src/components/Button.jsx">
        <metrics statements="4" coveredstatements="4" conditionals="6" coveredconditionals="6" methods="1" coveredmethods="1"/>
        <line num="3" count="3" type="cond" truecount="2" falsecount="0"/>
        <line num="5" count="5" type="stmt"/>
        <line num="8" count="5" type="stmt"/>
        <line num="10" count="5" type="stmt"/>
      </file>
      <file name="CheckAvailability.jsx" path="/home/shayzimm/t3assessments/yallambee-booking-app-frontend/src/components/CheckAvailability.jsx">
        <metrics statements="30" coveredstatements="23" conditionals="12" coveredconditionals="5" methods="7" coveredmethods="5"/>
        <line num="9" count="1" type="stmt"/>
        <line num="10" count="3" type="stmt"/>
        <line num="11" count="2" type="stmt"/>
        <line num="12" count="2" type="stmt"/>
        <line num="13" count="2" type="stmt"/>
        <line num="14" count="2" type="stmt"/>
        <line num="16" count="2" type="stmt"/>
        <line num="17" count="2" type="cond" truecount="2" falsecount="0"/>
        <line num="18" count="1" type="stmt"/>
        <line num="22" count="2" type="stmt"/>
        <line num="23" count="1" type="stmt"/>
        <line num="24" count="1" type="stmt"/>
        <line num="25" count="1" type="stmt"/>
        <line num="27" count="1" type="stmt"/>
        <line num="31" count="2" type="stmt"/>
        <line num="32" count="0" type="stmt"/>
        <line num="33" count="0" type="stmt"/>
        <line num="37" count="2" type="stmt"/>
        <line num="38" count="1" type="stmt"/>
        <line num="40" count="1" type="cond" truecount="1" falsecount="1"/>
        <line num="41" count="0" type="stmt"/>
        <line num="42" count="0" type="stmt"/>
        <line num="45" count="1" type="cond" truecount="2" falsecount="2"/>
        <line num="46" count="1" type="stmt"/>
        <line num="47" count="1" type="stmt"/>
        <line num="50" count="0" type="cond" truecount="0" falsecount="4"/>
        <line num="51" count="0" type="stmt"/>
        <line num="53" count="0" type="stmt"/>
        <line num="57" count="2" type="stmt"/>
        <line num="74" count="1" type="stmt"/>
      </file>
      <file name="CheckIn.jsx" path="/home/shayzimm/t3assessments/yallambee-booking-app-frontend/src/components/CheckIn.jsx">
        <metrics statements="3" coveredstatements="3" conditionals="0" coveredconditionals="0" methods="2" coveredmethods="2"/>
        <line num="7" count="2" type="stmt"/>
        <line num="8" count="5" type="stmt"/>
        <line num="20" count="1" type="stmt"/>
      </file>
      <file name="CheckOut.jsx" path="/home/shayzimm/t3assessments/yallambee-booking-app-frontend/src/components/CheckOut.jsx">
        <metrics statements="3" coveredstatements="3" conditionals="2" coveredconditionals="2" methods="2" coveredmethods="2"/>
        <line num="7" count="2" type="stmt"/>
        <line num="8" count="6" type="stmt"/>
        <line num="19" count="2" type="stmt"/>
      </file>
      <file name="Footer.jsx" path="/home/shayzimm/t3assessments/yallambee-booking-app-frontend/src/components/Footer.jsx">
        <metrics statements="2" coveredstatements="2" conditionals="0" coveredconditionals="0" methods="1" coveredmethods="1"/>
        <line num="4" count="1" type="stmt"/>
        <line num="5" count="1" type="stmt"/>
      </file>
      <file name="GuestsDropdown.jsx" path="/home/shayzimm/t3assessments/yallambee-booking-app-frontend/src/components/GuestsDropdown.jsx">
        <metrics statements="5" coveredstatements="5" conditionals="0" coveredconditionals="0" methods="3" coveredmethods="3"/>
        <line num="5" count="2" type="stmt"/>
        <line num="10" count="2" type="stmt"/>
        <line num="11" count="5" type="stmt"/>
        <line num="19" count="10" type="stmt"/>
        <line num="20" count="1" type="stmt"/>
      </file>
      <file name="Header.jsx" path="/home/shayzimm/t3assessments/yallambee-booking-app-frontend/src/components/Header.jsx">
        <metrics statements="31" coveredstatements="29" conditionals="16" coveredconditionals="11" methods="7" coveredmethods="7"/>
        <line num="9" count="1" type="stmt"/>
        <line num="10" count="6" type="stmt"/>
        <line num="11" count="6" type="stmt"/>
        <line num="12" count="6" type="stmt"/>
        <line num="13" count="6" type="stmt"/>
        <line num="14" count="6" type="stmt"/>
        <line num="15" count="6" type="stmt"/>
        <line num="17" count="6" type="stmt"/>
        <line num="18" count="24" type="stmt"/>
        <line num="20" count="6" type="stmt"/>
        <line num="21" count="4" type="cond" truecount="2" falsecount="0"/>
        <line num="22" count="2" type="stmt"/>
        <line num="23" count="2" type="stmt"/>
        <line num="24" count="2" type="stmt"/>
        <line num="26" count="0" type="stmt"/>
        <line num="32" count="6" type="stmt"/>
        <line num="33" count="3" type="cond" truecount="1" falsecount="1"/>
        <line num="34" count="0" type="stmt"/>
        <line num="36" count="3" type="stmt"/>
        <line num="37" count="3" type="cond" truecount="1" falsecount="1"/>
        <line num="40" count="3" type="stmt"/>
        <line num="41" count="3" type="stmt"/>
        <line num="43" count="3" type="stmt"/>
        <line num="44" count="3" type="stmt"/>
        <line num="49" count="6" type="stmt"/>
        <line num="50" count="1" type="stmt"/>
        <line num="51" count="1" type="stmt"/>
        <line num="52" count="1" type="stmt"/>
        <line num="53" count="1" type="stmt"/>
        <line num="54" count="1" type="stmt"/>
        <line num="57" count="6" type="stmt"/>
      </file>
      <file name="Modal.jsx" path="/home/shayzimm/t3assessments/yallambee-booking-app-frontend/src/components/Modal.jsx">
        <metrics statements="2" coveredstatements="2" conditionals="0" coveredconditionals="0" methods="1" coveredmethods="1"/>
        <line num="3" count="3" type="stmt"/>
        <line num="4" count="4" type="stmt"/>
      </file>
      <file name="PropertyCard.jsx" path="/home/shayzimm/t3assessments/yallambee-booking-app-frontend/src/components/PropertyCard.jsx">
        <metrics statements="7" coveredstatements="7" conditionals="12" coveredconditionals="11" methods="3" coveredmethods="3"/>
        <line num="6" count="1" type="stmt"/>
        <line num="7" count="6" type="cond" truecount="2" falsecount="0"/>
        <line num="9" count="6" type="cond" truecount="2" falsecount="0"/>
        <line num="10" count="1" type="stmt"/>
        <line num="13" count="5" type="stmt"/>
        <line num="68" count="1" type="stmt"/>
        <line num="74" count="1" type="stmt"/>
      </file>
      <file name="SelectProperty.jsx" path="/home/shayzimm/t3assessments/yallambee-booking-app-frontend/src/components/SelectProperty.jsx">
        <metrics statements="14" coveredstatements="12" conditionals="4" coveredconditionals="3" methods="5" coveredmethods="5"/>
        <line num="6" count="2" type="stmt"/>
        <line num="7" count="5" type="stmt"/>
        <line num="9" count="5" type="stmt"/>
        <line num="10" count="2" type="stmt"/>
        <line num="11" count="2" type="stmt"/>
        <line num="12" count="2" type="stmt"/>
        <line num="13" count="2" type="cond" truecount="1" falsecount="1"/>
        <line num="14" count="2" type="stmt"/>
        <line num="16" count="0" type="stmt"/>
        <line num="19" count="0" type="stmt"/>
        <line num="24" count="2" type="stmt"/>
        <line num="27" count="5" type="stmt"/>
        <line num="35" count="5" type="stmt"/>
        <line num="36" count="1" type="stmt"/>
      </file>
      <file name="UpdateBookingForm.jsx" path="/home/shayzimm/t3assessments/yallambee-booking-app-frontend/src/components/UpdateBookingForm.jsx">
        <metrics statements="27" coveredstatements="26" conditionals="4" coveredconditionals="2" methods="6" coveredmethods="6"/>
        <line num="5" count="1" type="stmt"/>
        <line num="6" count="16" type="stmt"/>
        <line num="7" count="16" type="stmt"/>
        <line num="8" count="16" type="stmt"/>
        <line num="9" count="16" type="stmt"/>
        <line num="11" count="16" type="stmt"/>
        <line num="13" count="5" type="stmt"/>
        <line num="14" count="5" type="stmt"/>
        <line num="15" count="5" type="stmt"/>
        <line num="18" count="16" type="stmt"/>
        <line num="19" count="2" type="stmt"/>
        <line num="20" count="2" type="stmt"/>
        <line num="22" count="2" type="stmt"/>
        <line num="28" count="2" type="stmt"/>
        <line num="30" count="2" type="stmt"/>
        <line num="31" count="2" type="stmt"/>
        <line num="32" count="2" type="stmt"/>
        <line num="40" count="2" type="stmt"/>
        <line num="43" count="2" type="stmt"/>
        <line num="44" count="2" type="stmt"/>
        <line num="45" count="2" type="stmt"/>
        <line num="47" count="0" type="cond" truecount="0" falsecount="2"/>
        <line num="49" count="2" type="stmt"/>
        <line num="53" count="16" type="stmt"/>
        <line num="63" count="1" type="stmt"/>
        <line num="74" count="1" type="stmt"/>
        <line num="85" count="2" type="stmt"/>
      </file>
      <file name="UpdatePropertyForm.jsx" path="/home/shayzimm/t3assessments/yallambee-booking-app-frontend/src/components/UpdatePropertyForm.jsx">
        <metrics statements="33" coveredstatements="24" conditionals="22" coveredconditionals="10" methods="14" coveredmethods="5"/>
        <line num="5" count="1" type="stmt"/>
        <line num="6" count="6" type="cond" truecount="1" falsecount="1"/>
        <line num="7" count="6" type="cond" truecount="1" falsecount="1"/>
        <line num="8" count="6" type="cond" truecount="1" falsecount="1"/>
        <line num="9" count="6" type="cond" truecount="1" falsecount="1"/>
        <line num="10" count="6" type="cond" truecount="1" falsecount="1"/>
        <line num="11" count="6" type="cond" truecount="1" falsecount="1"/>
        <line num="12" count="6" type="cond" truecount="1" falsecount="1"/>
        <line num="13" count="6" type="stmt"/>
        <line num="17" count="6" type="cond" truecount="1" falsecount="1"/>
        <line num="19" count="6" type="stmt"/>
        <line num="20" count="1" type="stmt"/>
        <line num="22" count="1" type="stmt"/>
        <line num="34" count="1" type="stmt"/>
        <line num="36" count="1" type="stmt"/>
        <line num="37" count="1" type="stmt"/>
        <line num="38" count="1" type="stmt"/>
        <line num="46" count="1" type="stmt"/>
        <line num="48" count="1" type="stmt"/>
        <line num="49" count="1" type="stmt"/>
        <line num="51" count="0" type="cond" truecount="0" falsecount="2"/>
        <line num="52" count="0" type="stmt"/>
        <line num="56" count="6" type="stmt"/>
        <line num="66" count="1" type="stmt"/>
        <line num="76" count="0" type="stmt"/>
        <line num="87" count="1" type="stmt"/>
        <line num="98" count="0" type="stmt"/>
        <line num="109" count="1" type="stmt"/>
        <line num="120" count="0" type="stmt"/>
        <line num="130" count="0" type="stmt"/>
        <line num="142" count="0" type="stmt"/>
        <line num="151" count="0" type="stmt"/>
        <line num="163" count="0" type="stmt"/>
      </file>
      <file name="UpdateUserDetailsForm.jsx" path="/home/shayzimm/t3assessments/yallambee-booking-app-frontend/src/components/UpdateUserDetailsForm.jsx">
        <metrics statements="28" coveredstatements="10" conditionals="16" coveredconditionals="7" methods="9" coveredmethods="1"/>
        <line num="5" count="2" type="stmt"/>
        <line num="6" count="2" type="cond" truecount="1" falsecount="1"/>
        <line num="7" count="2" type="cond" truecount="1" falsecount="1"/>
        <line num="8" count="2" type="cond" truecount="1" falsecount="1"/>
        <line num="9" count="2" type="cond" truecount="1" falsecount="1"/>
        <line num="10" count="2" type="cond" truecount="1" falsecount="1"/>
        <line num="11" count="2" type="cond" truecount="1" falsecount="1"/>
        <line num="12" count="2" type="cond" truecount="1" falsecount="1"/>
        <line num="14" count="2" type="stmt"/>
        <line num="15" count="0" type="stmt"/>
        <line num="17" count="0" type="stmt"/>
        <line num="27" count="0" type="stmt"/>
        <line num="29" count="0" type="stmt"/>
        <line num="30" count="0" type="stmt"/>
        <line num="31" count="0" type="stmt"/>
        <line num="39" count="0" type="stmt"/>
        <line num="41" count="0" type="stmt"/>
        <line num="42" count="0" type="stmt"/>
        <line num="44" count="0" type="cond" truecount="0" falsecount="2"/>
        <line num="45" count="0" type="stmt"/>
        <line num="49" count="2" type="stmt"/>
        <line num="59" count="0" type="stmt"/>
        <line num="70" count="0" type="stmt"/>
        <line num="80" count="0" type="stmt"/>
        <line num="91" count="0" type="stmt"/>
        <line num="102" count="0" type="stmt"/>
        <line num="113" count="0" type="stmt"/>
        <line num="124" count="0" type="stmt"/>
      </file>
      <file name="UserCard.jsx" path="/home/shayzimm/t3assessments/yallambee-booking-app-frontend/src/components/UserCard.jsx">
        <metrics statements="10" coveredstatements="5" conditionals="4" coveredconditionals="2" methods="6" coveredmethods="2"/>
        <line num="6" count="1" type="stmt"/>
        <line num="7" count="1" type="stmt"/>
        <line num="9" count="1" type="stmt"/>
        <line num="10" count="0" type="stmt"/>
        <line num="13" count="1" type="stmt"/>
        <line num="50" count="1" type="stmt"/>
        <line num="59" count="0" type="stmt"/>
        <line num="64" count="0" type="stmt"/>
        <line num="65" count="0" type="stmt"/>
        <line num="67" count="0" type="stmt"/>
      </file>
    </package>
    <package name="context">
      <metrics statements="15" coveredstatements="2" conditionals="2" coveredconditionals="0" methods="3" coveredmethods="0"/>
      <file name="userContext.jsx" path="/home/shayzimm/t3assessments/yallambee-booking-app-frontend/src/context/userContext.jsx">
        <metrics statements="15" coveredstatements="2" conditionals="2" coveredconditionals="0" methods="3" coveredmethods="0"/>
        <line num="5" count="2" type="stmt"/>
        <line num="7" count="2" type="stmt"/>
        <line num="8" count="0" type="stmt"/>
        <line num="10" count="0" type="stmt"/>
        <line num="11" count="0" type="stmt"/>
        <line num="12" count="0" type="stmt"/>
        <line num="13" count="0" type="cond" truecount="0" falsecount="2"/>
        <line num="14" count="0" type="stmt"/>
        <line num="15" count="0" type="stmt"/>
        <line num="16" count="0" type="stmt"/>
        <line num="19" count="0" type="stmt"/>
        <line num="21" count="0" type="stmt"/>
        <line num="22" count="0" type="stmt"/>
        <line num="27" count="0" type="stmt"/>
        <line num="30" count="0" type="stmt"/>
      </file>
    </package>
    <package name="pages">
      <metrics statements="16" coveredstatements="7" conditionals="0" coveredconditionals="0" methods="5" coveredmethods="2"/>
      <file name="authUtils.jsx" path="/home/shayzimm/t3assessments/yallambee-booking-app-frontend/src/pages/authUtils.jsx">
        <metrics statements="16" coveredstatements="7" conditionals="0" coveredconditionals="0" methods="5" coveredmethods="2"/>
        <line num="3" count="6" type="stmt"/>
        <line num="4" count="0" type="stmt"/>
        <line num="7" count="6" type="stmt"/>
        <line num="8" count="3" type="stmt"/>
        <line num="11" count="6" type="stmt"/>
        <line num="12" count="1" type="stmt"/>
        <line num="15" count="6" type="stmt"/>
        <line num="16" count="0" type="stmt"/>
        <line num="17" count="0" type="stmt"/>
        <line num="18" count="0" type="stmt"/>
        <line num="20" count="0" type="stmt"/>
        <line num="21" count="0" type="stmt"/>
        <line num="25" count="6" type="stmt"/>
        <line num="26" count="0" type="stmt"/>
        <line num="27" count="0" type="stmt"/>
        <line num="29" count="0" type="stmt"/>
      </file>
    </package>
  </project>
</coverage>
