{"/home/shayzimm/t3assessments/yallambee-booking-app-frontend/src/components/BookingCard.jsx": {"path":"/home/shayzimm/t3assessments/yallambee-booking-app-frontend/src/components/BookingCard.jsx","statementMap":{"0":{"start":{"line":7,"column":20},"end":{"line":140,"column":1}},"1":{"start":{"line":8,"column":62},"end":{"line":8,"column":77}},"2":{"start":{"line":9,"column":34},"end":{"line":9,"column":48}},"3":{"start":{"line":10,"column":28},"end":{"line":10,"column":42}},"4":{"start":{"line":11,"column":32},"end":{"line":11,"column":46}},"5":{"start":{"line":14,"column":36},"end":{"line":14,"column":63}},"6":{"start":{"line":15,"column":32},"end":{"line":15,"column":57}},"7":{"start":{"line":17,"column":2},"end":{"line":21,"column":24}},"8":{"start":{"line":18,"column":4},"end":{"line":20,"column":5}},"9":{"start":{"line":19,"column":6},"end":{"line":19,"column":48}},"10":{"start":{"line":23,"column":31},"end":{"line":33,"column":3}},"11":{"start":{"line":24,"column":4},"end":{"line":32,"column":5}},"12":{"start":{"line":25,"column":23},"end":{"line":25,"column":117}},"13":{"start":{"line":26,"column":6},"end":{"line":26,"column":32}},"14":{"start":{"line":28,"column":6},"end":{"line":28,"column":54}},"15":{"start":{"line":29,"column":6},"end":{"line":29,"column":68}},"16":{"start":{"line":31,"column":6},"end":{"line":31,"column":23}},"17":{"start":{"line":35,"column":24},"end":{"line":37,"column":3}},"18":{"start":{"line":36,"column":4},"end":{"line":36,"column":35}},"19":{"start":{"line":39,"column":27},"end":{"line":41,"column":3}},"20":{"start":{"line":40,"column":4},"end":{"line":40,"column":36}},"21":{"start":{"line":43,"column":2},"end":{"line":139,"column":3}},"22":{"start":{"line":111,"column":31},"end":{"line":111,"column":52}},"23":{"start":{"line":125,"column":18},"end":{"line":125,"column":56}},"24":{"start":{"line":126,"column":18},"end":{"line":126,"column":52}},"25":{"start":{"line":127,"column":18},"end":{"line":127,"column":40}},"26":{"start":{"line":128,"column":18},"end":{"line":128,"column":36}}},"fnMap":{"0":{"name":"(anonymous_0)","decl":{"start":{"line":7,"column":20},"end":{"line":7,"column":21}},"loc":{"start":{"line":7,"column":71},"end":{"line":140,"column":1}},"line":7},"1":{"name":"(anonymous_1)","decl":{"start":{"line":17,"column":12},"end":{"line":17,"column":13}},"loc":{"start":{"line":17,"column":18},"end":{"line":21,"column":3}},"line":17},"2":{"name":"(anonymous_2)","decl":{"start":{"line":23,"column":31},"end":{"line":23,"column":32}},"loc":{"start":{"line":23,"column":53},"end":{"line":33,"column":3}},"line":23},"3":{"name":"(anonymous_3)","decl":{"start":{"line":35,"column":24},"end":{"line":35,"column":25}},"loc":{"start":{"line":35,"column":30},"end":{"line":37,"column":3}},"line":35},"4":{"name":"(anonymous_4)","decl":{"start":{"line":39,"column":27},"end":{"line":39,"column":28}},"loc":{"start":{"line":39,"column":33},"end":{"line":41,"column":3}},"line":39},"5":{"name":"(anonymous_5)","decl":{"start":{"line":111,"column":25},"end":{"line":111,"column":26}},"loc":{"start":{"line":111,"column":31},"end":{"line":111,"column":52}},"line":111},"6":{"name":"(anonymous_6)","decl":{"start":{"line":124,"column":24},"end":{"line":124,"column":25}},"loc":{"start":{"line":124,"column":44},"end":{"line":129,"column":17}},"line":124}},"branchMap":{"0":{"loc":{"start":{"line":7,"column":32},"end":{"line":7,"column":46}},"type":"default-arg","locations":[{"start":{"line":7,"column":39},"end":{"line":7,"column":46}}],"line":7},"1":{"loc":{"start":{"line":18,"column":4},"end":{"line":20,"column":5}},"type":"if","locations":[{"start":{"line":18,"column":4},"end":{"line":20,"column":5}},{"start":{},"end":{}}],"line":18},"2":{"loc":{"start":{"line":18,"column":8},"end":{"line":18,"column":48}},"type":"binary-expr","locations":[{"start":{"line":18,"column":8},"end":{"line":18,"column":24}},{"start":{"line":18,"column":28},"end":{"line":18,"column":48}}],"line":18},"3":{"loc":{"start":{"line":45,"column":7},"end":{"line":45,"column":55}},"type":"binary-expr","locations":[{"start":{"line":45,"column":7},"end":{"line":45,"column":12}},{"start":{"line":45,"column":16},"end":{"line":45,"column":55}}],"line":45},"4":{"loc":{"start":{"line":46,"column":7},"end":{"line":137,"column":7}},"type":"cond-expr","locations":[{"start":{"line":47,"column":8},"end":{"line":47,"column":41}},{"start":{"line":48,"column":10},"end":{"line":137,"column":7}}],"line":46},"5":{"loc":{"start":{"line":48,"column":10},"end":{"line":137,"column":7}},"type":"cond-expr","locations":[{"start":{"line":49,"column":8},"end":{"line":134,"column":11}},{"start":{"line":136,"column":8},"end":{"line":136,"column":45}}],"line":48},"6":{"loc":{"start":{"line":52,"column":13},"end":{"line":62,"column":13}},"type":"cond-expr","locations":[{"start":{"line":53,"column":14},"end":{"line":57,"column":16}},{"start":{"line":59,"column":14},"end":{"line":61,"column":20}}],"line":52},"7":{"loc":{"start":{"line":52,"column":13},"end":{"line":52,"column":58}},"type":"binary-expr","locations":[{"start":{"line":52,"column":13},"end":{"line":52,"column":28}},{"start":{"line":52,"column":32},"end":{"line":52,"column":58}}],"line":52},"8":{"loc":{"start":{"line":56,"column":21},"end":{"line":56,"column":54}},"type":"binary-expr","locations":[{"start":{"line":56,"column":21},"end":{"line":56,"column":34}},{"start":{"line":56,"column":38},"end":{"line":56,"column":54}}],"line":56},"9":{"loc":{"start":{"line":74,"column":24},"end":{"line":74,"column":68}},"type":"cond-expr","locations":[{"start":{"line":74,"column":40},"end":{"line":74,"column":60}},{"start":{"line":74,"column":63},"end":{"line":74,"column":68}}],"line":74},"10":{"loc":{"start":{"line":83,"column":24},"end":{"line":83,"column":51}},"type":"binary-expr","locations":[{"start":{"line":83,"column":24},"end":{"line":83,"column":42}},{"start":{"line":83,"column":46},"end":{"line":83,"column":51}}],"line":83},"11":{"loc":{"start":{"line":91,"column":32},"end":{"line":91,"column":64}},"type":"binary-expr","locations":[{"start":{"line":91,"column":32},"end":{"line":91,"column":45}},{"start":{"line":91,"column":49},"end":{"line":91,"column":64}}],"line":91},"12":{"loc":{"start":{"line":93,"column":15},"end":{"line":93,"column":100}},"type":"cond-expr","locations":[{"start":{"line":93,"column":38},"end":{"line":93,"column":71}},{"start":{"line":93,"column":74},"end":{"line":93,"column":100}}],"line":93},"13":{"loc":{"start":{"line":96,"column":22},"end":{"line":96,"column":82}},"type":"cond-expr","locations":[{"start":{"line":96,"column":34},"end":{"line":96,"column":74}},{"start":{"line":96,"column":77},"end":{"line":96,"column":82}}],"line":96},"14":{"loc":{"start":{"line":96,"column":87},"end":{"line":96,"column":143}},"type":"cond-expr","locations":[{"start":{"line":96,"column":97},"end":{"line":96,"column":135}},{"start":{"line":96,"column":138},"end":{"line":96,"column":143}}],"line":96},"15":{"loc":{"start":{"line":98,"column":50},"end":{"line":98,"column":77}},"type":"binary-expr","locations":[{"start":{"line":98,"column":50},"end":{"line":98,"column":68}},{"start":{"line":98,"column":72},"end":{"line":98,"column":77}}],"line":98},"16":{"loc":{"start":{"line":109,"column":13},"end":{"line":116,"column":13}},"type":"binary-expr","locations":[{"start":{"line":109,"column":13},"end":{"line":109,"column":29}},{"start":{"line":110,"column":14},"end":{"line":115,"column":23}}],"line":109},"17":{"loc":{"start":{"line":120,"column":11},"end":{"line":133,"column":11}},"type":"binary-expr","locations":[{"start":{"line":120,"column":11},"end":{"line":120,"column":33}},{"start":{"line":121,"column":12},"end":{"line":132,"column":20}}],"line":120}},"s":{"0":1,"1":10,"2":10,"3":10,"4":10,"5":10,"6":10,"7":10,"8":4,"9":4,"10":10,"11":4,"12":4,"13":3,"14":1,"15":1,"16":4,"17":10,"18":1,"19":10,"20":1,"21":10,"22":1,"23":0,"24":0,"25":0,"26":0},"f":{"0":10,"1":4,"2":4,"3":1,"4":1,"5":1,"6":0},"b":{"0":[0],"1":[4,0],"2":[4,4],"3":[10,1],"4":[4,6],"5":[5,1],"6":[5,0],"7":[5,5],"8":[5,0],"9":[5,0],"10":[5,0],"11":[5,0],"12":[5,0],"13":[5,0],"14":[5,0],"15":[5,0],"16":[5,5],"17":[5,1]},"_coverageSchema":"1a1c01bbd47fc00a2c39e90264f33305004495a9","hash":"53a84297248229f67873ef58c4eedaa53fb77db9"}
,"/home/shayzimm/t3assessments/yallambee-booking-app-frontend/src/components/Button.jsx": {"path":"/home/shayzimm/t3assessments/yallambee-booking-app-frontend/src/components/Button.jsx","statementMap":{"0":{"start":{"line":3,"column":15},"end":{"line":21,"column":1}},"1":{"start":{"line":5,"column":4},"end":{"line":5,"column":213}},"2":{"start":{"line":8,"column":4},"end":{"line":8,"column":201}},"3":{"start":{"line":10,"column":2},"end":{"line":20,"column":4}}},"fnMap":{"0":{"name":"(anonymous_0)","decl":{"start":{"line":3,"column":15},"end":{"line":3,"column":16}},"loc":{"start":{"line":3,"column":80},"end":{"line":21,"column":1}},"line":3}},"branchMap":{"0":{"loc":{"start":{"line":3,"column":37},"end":{"line":3,"column":52}},"type":"default-arg","locations":[{"start":{"line":3,"column":44},"end":{"line":3,"column":52}}],"line":3},"1":{"loc":{"start":{"line":3,"column":54},"end":{"line":3,"column":73}},"type":"default-arg","locations":[{"start":{"line":3,"column":64},"end":{"line":3,"column":73}}],"line":3},"2":{"loc":{"start":{"line":15,"column":8},"end":{"line":15,"column":72}},"type":"cond-expr","locations":[{"start":{"line":15,"column":32},"end":{"line":15,"column":39}},{"start":{"line":15,"column":42},"end":{"line":15,"column":72}}],"line":15},"3":{"loc":{"start":{"line":15,"column":42},"end":{"line":15,"column":72}},"type":"binary-expr","locations":[{"start":{"line":15,"column":42},"end":{"line":15,"column":62}},{"start":{"line":15,"column":66},"end":{"line":15,"column":72}}],"line":15}},"s":{"0":3,"1":5,"2":5,"3":5},"f":{"0":5},"b":{"0":[4],"1":[4],"2":[4,1],"3":[1,1]},"_coverageSchema":"1a1c01bbd47fc00a2c39e90264f33305004495a9","hash":"800cb64bd1b01ff25ca06a3bbd41f76444aba096"}
,"/home/shayzimm/t3assessments/yallambee-booking-app-frontend/src/components/CheckAvailability.jsx": {"path":"/home/shayzimm/t3assessments/yallambee-booking-app-frontend/src/components/CheckAvailability.jsx","statementMap":{"0":{"start":{"line":9,"column":26},"end":{"line":83,"column":1}},"1":{"start":{"line":10,"column":46},"end":{"line":10,"column":65}},"2":{"start":{"line":11,"column":36},"end":{"line":11,"column":50}},"3":{"start":{"line":12,"column":32},"end":{"line":12,"column":46}},"4":{"start":{"line":13,"column":50},"end":{"line":13,"column":64}},"5":{"start":{"line":14,"column":50},"end":{"line":14,"column":62}},"6":{"start":{"line":16,"column":2},"end":{"line":20,"column":25}},"7":{"start":{"line":17,"column":4},"end":{"line":19,"column":5}},"8":{"start":{"line":18,"column":6},"end":{"line":18,"column":50}},"9":{"start":{"line":22,"column":32},"end":{"line":29,"column":3}},"10":{"start":{"line":23,"column":4},"end":{"line":28,"column":5}},"11":{"start":{"line":24,"column":23},"end":{"line":24,"column":132}},"12":{"start":{"line":25,"column":6},"end":{"line":25,"column":41}},"13":{"start":{"line":27,"column":6},"end":{"line":27,"column":64}},"14":{"start":{"line":31,"column":28},"end":{"line":35,"column":3}},"15":{"start":{"line":32,"column":4},"end":{"line":34,"column":6}},"16":{"start":{"line":33,"column":6},"end":{"line":33,"column":70}},"17":{"start":{"line":37,"column":34},"end":{"line":55,"column":3}},"18":{"start":{"line":38,"column":4},"end":{"line":38,"column":23}},"19":{"start":{"line":40,"column":4},"end":{"line":43,"column":5}},"20":{"start":{"line":41,"column":6},"end":{"line":41,"column":41}},"21":{"start":{"line":42,"column":6},"end":{"line":42,"column":13}},"22":{"start":{"line":45,"column":4},"end":{"line":48,"column":5}},"23":{"start":{"line":46,"column":6},"end":{"line":46,"column":64}},"24":{"start":{"line":47,"column":6},"end":{"line":47,"column":13}},"25":{"start":{"line":50,"column":4},"end":{"line":54,"column":5}},"26":{"start":{"line":51,"column":6},"end":{"line":51,"column":74}},"27":{"start":{"line":53,"column":6},"end":{"line":53,"column":78}},"28":{"start":{"line":57,"column":2},"end":{"line":82,"column":4}},"29":{"start":{"line":74,"column":26},"end":{"line":74,"column":52}}},"fnMap":{"0":{"name":"(anonymous_0)","decl":{"start":{"line":9,"column":26},"end":{"line":9,"column":27}},"loc":{"start":{"line":9,"column":32},"end":{"line":83,"column":1}},"line":9},"1":{"name":"(anonymous_1)","decl":{"start":{"line":16,"column":12},"end":{"line":16,"column":13}},"loc":{"start":{"line":16,"column":18},"end":{"line":20,"column":3}},"line":16},"2":{"name":"(anonymous_2)","decl":{"start":{"line":22,"column":32},"end":{"line":22,"column":33}},"loc":{"start":{"line":22,"column":54},"end":{"line":29,"column":3}},"line":22},"3":{"name":"(anonymous_3)","decl":{"start":{"line":31,"column":28},"end":{"line":31,"column":29}},"loc":{"start":{"line":31,"column":38},"end":{"line":35,"column":3}},"line":31},"4":{"name":"(anonymous_4)","decl":{"start":{"line":32,"column":33},"end":{"line":32,"column":34}},"loc":{"start":{"line":33,"column":6},"end":{"line":33,"column":70}},"line":33},"5":{"name":"(anonymous_5)","decl":{"start":{"line":37,"column":34},"end":{"line":37,"column":35}},"loc":{"start":{"line":37,"column":41},"end":{"line":55,"column":3}},"line":37},"6":{"name":"(anonymous_6)","decl":{"start":{"line":74,"column":19},"end":{"line":74,"column":20}},"loc":{"start":{"line":74,"column":26},"end":{"line":74,"column":52}},"line":74}},"branchMap":{"0":{"loc":{"start":{"line":17,"column":4},"end":{"line":19,"column":5}},"type":"if","locations":[{"start":{"line":17,"column":4},"end":{"line":19,"column":5}},{"start":{},"end":{}}],"line":17},"1":{"loc":{"start":{"line":40,"column":4},"end":{"line":43,"column":5}},"type":"if","locations":[{"start":{"line":40,"column":4},"end":{"line":43,"column":5}},{"start":{},"end":{}}],"line":40},"2":{"loc":{"start":{"line":45,"column":4},"end":{"line":48,"column":5}},"type":"if","locations":[{"start":{"line":45,"column":4},"end":{"line":48,"column":5}},{"start":{},"end":{}}],"line":45},"3":{"loc":{"start":{"line":45,"column":8},"end":{"line":45,"column":30}},"type":"binary-expr","locations":[{"start":{"line":45,"column":8},"end":{"line":45,"column":18}},{"start":{"line":45,"column":22},"end":{"line":45,"column":30}}],"line":45},"4":{"loc":{"start":{"line":50,"column":4},"end":{"line":54,"column":5}},"type":"if","locations":[{"start":{"line":50,"column":4},"end":{"line":54,"column":5}},{"start":{"line":52,"column":11},"end":{"line":54,"column":5}}],"line":50},"5":{"loc":{"start":{"line":50,"column":8},"end":{"line":50,"column":66}},"type":"binary-expr","locations":[{"start":{"line":50,"column":8},"end":{"line":50,"column":36}},{"start":{"line":50,"column":40},"end":{"line":50,"column":66}}],"line":50}},"s":{"0":1,"1":3,"2":2,"3":2,"4":2,"5":2,"6":2,"7":2,"8":1,"9":2,"10":1,"11":1,"12":1,"13":1,"14":2,"15":0,"16":0,"17":2,"18":1,"19":1,"20":0,"21":0,"22":1,"23":1,"24":1,"25":0,"26":0,"27":0,"28":2,"29":1},"f":{"0":3,"1":2,"2":1,"3":0,"4":0,"5":1,"6":1},"b":{"0":[1,1],"1":[0,1],"2":[1,0],"3":[1,0],"4":[0,0],"5":[0,0]},"_coverageSchema":"1a1c01bbd47fc00a2c39e90264f33305004495a9","hash":"f48eea710ea2ecf2e00e2507932df17b8368b217"}
,"/home/shayzimm/t3assessments/yallambee-booking-app-frontend/src/components/CheckIn.jsx": {"path":"/home/shayzimm/t3assessments/yallambee-booking-app-frontend/src/components/CheckIn.jsx","statementMap":{"0":{"start":{"line":7,"column":16},"end":{"line":26,"column":1}},"1":{"start":{"line":8,"column":2},"end":{"line":25,"column":4}},"2":{"start":{"line":20,"column":28},"end":{"line":20,"column":46}}},"fnMap":{"0":{"name":"(anonymous_0)","decl":{"start":{"line":7,"column":16},"end":{"line":7,"column":17}},"loc":{"start":{"line":7,"column":49},"end":{"line":26,"column":1}},"line":7},"1":{"name":"(anonymous_1)","decl":{"start":{"line":20,"column":18},"end":{"line":20,"column":19}},"loc":{"start":{"line":20,"column":28},"end":{"line":20,"column":46}},"line":20}},"branchMap":{},"s":{"0":2,"1":5,"2":1},"f":{"0":5,"1":1},"b":{},"_coverageSchema":"1a1c01bbd47fc00a2c39e90264f33305004495a9","hash":"c8032dac291d86c92466f83adefee9a739077208"}
,"/home/shayzimm/t3assessments/yallambee-booking-app-frontend/src/components/CheckOut.jsx": {"path":"/home/shayzimm/t3assessments/yallambee-booking-app-frontend/src/components/CheckOut.jsx","statementMap":{"0":{"start":{"line":7,"column":17},"end":{"line":25,"column":1}},"1":{"start":{"line":8,"column":2},"end":{"line":24,"column":4}},"2":{"start":{"line":19,"column":28},"end":{"line":19,"column":44}}},"fnMap":{"0":{"name":"(anonymous_0)","decl":{"start":{"line":7,"column":17},"end":{"line":7,"column":18}},"loc":{"start":{"line":7,"column":57},"end":{"line":25,"column":1}},"line":7},"1":{"name":"(anonymous_1)","decl":{"start":{"line":19,"column":18},"end":{"line":19,"column":19}},"loc":{"start":{"line":19,"column":28},"end":{"line":19,"column":44}},"line":19}},"branchMap":{"0":{"loc":{"start":{"line":20,"column":17},"end":{"line":20,"column":40}},"type":"binary-expr","locations":[{"start":{"line":20,"column":17},"end":{"line":20,"column":26}},{"start":{"line":20,"column":30},"end":{"line":20,"column":40}}],"line":20}},"s":{"0":2,"1":6,"2":2},"f":{"0":6,"1":2},"b":{"0":[6,4]},"_coverageSchema":"1a1c01bbd47fc00a2c39e90264f33305004495a9","hash":"a4a06532a826bef9bf02b5af681122228a77adc4"}
,"/home/shayzimm/t3assessments/yallambee-booking-app-frontend/src/components/Footer.jsx": {"path":"/home/shayzimm/t3assessments/yallambee-booking-app-frontend/src/components/Footer.jsx","statementMap":{"0":{"start":{"line":4,"column":15},"end":{"line":20,"column":1}},"1":{"start":{"line":5,"column":2},"end":{"line":19,"column":4}}},"fnMap":{"0":{"name":"(anonymous_0)","decl":{"start":{"line":4,"column":15},"end":{"line":4,"column":16}},"loc":{"start":{"line":4,"column":21},"end":{"line":20,"column":1}},"line":4}},"branchMap":{},"s":{"0":1,"1":1},"f":{"0":1},"b":{},"_coverageSchema":"1a1c01bbd47fc00a2c39e90264f33305004495a9","hash":"12244b85e19fe402d8740671fb349afaf733a8f0"}
,"/home/shayzimm/t3assessments/yallambee-booking-app-frontend/src/components/GuestsDropdown.jsx": {"path":"/home/shayzimm/t3assessments/yallambee-booking-app-frontend/src/components/GuestsDropdown.jsx","statementMap":{"0":{"start":{"line":5,"column":21},"end":{"line":8,"column":1}},"1":{"start":{"line":10,"column":23},"end":{"line":31,"column":1}},"2":{"start":{"line":11,"column":2},"end":{"line":30,"column":4}},"3":{"start":{"line":19,"column":10},"end":{"line":26,"column":22}},"4":{"start":{"line":20,"column":27},"end":{"line":20,"column":57}}},"fnMap":{"0":{"name":"(anonymous_0)","decl":{"start":{"line":10,"column":23},"end":{"line":10,"column":24}},"loc":{"start":{"line":10,"column":66},"end":{"line":31,"column":1}},"line":10},"1":{"name":"(anonymous_1)","decl":{"start":{"line":18,"column":26},"end":{"line":18,"column":27}},"loc":{"start":{"line":19,"column":10},"end":{"line":26,"column":22}},"line":19},"2":{"name":"(anonymous_2)","decl":{"start":{"line":20,"column":21},"end":{"line":20,"column":22}},"loc":{"start":{"line":20,"column":27},"end":{"line":20,"column":57}},"line":20}},"branchMap":{},"s":{"0":2,"1":2,"2":5,"3":10,"4":1},"f":{"0":5,"1":10,"2":1},"b":{},"_coverageSchema":"1a1c01bbd47fc00a2c39e90264f33305004495a9","hash":"fd8f989df82ad6eea970be4de5e2e6a1bac06619"}
,"/home/shayzimm/t3assessments/yallambee-booking-app-frontend/src/components/Header.jsx": {"path":"/home/shayzimm/t3assessments/yallambee-booking-app-frontend/src/components/Header.jsx","statementMap":{"0":{"start":{"line":9,"column":15},"end":{"line":113,"column":1}},"1":{"start":{"line":10,"column":28},"end":{"line":10,"column":51}},"2":{"start":{"line":11,"column":32},"end":{"line":11,"column":47}},"3":{"start":{"line":12,"column":30},"end":{"line":12,"column":45}},"4":{"start":{"line":13,"column":19},"end":{"line":13,"column":32}},"5":{"start":{"line":14,"column":19},"end":{"line":14,"column":32}},"6":{"start":{"line":15,"column":16},"end":{"line":15,"column":45}},"7":{"start":{"line":17,"column":31},"end":{"line":17,"column":91}},"8":{"start":{"line":18,"column":27},"end":{"line":18,"column":98}},"9":{"start":{"line":18,"column":62},"end":{"line":18,"column":97}},"10":{"start":{"line":20,"column":2},"end":{"line":29,"column":14}},"11":{"start":{"line":21,"column":4},"end":{"line":28,"column":5}},"12":{"start":{"line":22,"column":6},"end":{"line":27,"column":7}},"13":{"start":{"line":23,"column":29},"end":{"line":23,"column":45}},"14":{"start":{"line":24,"column":8},"end":{"line":24,"column":41}},"15":{"start":{"line":26,"column":8},"end":{"line":26,"column":47}},"16":{"start":{"line":32,"column":2},"end":{"line":47,"column":44}},"17":{"start":{"line":33,"column":4},"end":{"line":46,"column":5}},"18":{"start":{"line":34,"column":6},"end":{"line":34,"column":22}},"19":{"start":{"line":36,"column":27},"end":{"line":38,"column":7}},"20":{"start":{"line":37,"column":8},"end":{"line":37,"column":65}},"21":{"start":{"line":40,"column":6},"end":{"line":40,"column":21}},"22":{"start":{"line":41,"column":6},"end":{"line":41,"column":54}},"23":{"start":{"line":43,"column":6},"end":{"line":45,"column":8}},"24":{"start":{"line":44,"column":8},"end":{"line":44,"column":59}},"25":{"start":{"line":49,"column":23},"end":{"line":55,"column":3}},"26":{"start":{"line":50,"column":4},"end":{"line":50,"column":18}},"27":{"start":{"line":51,"column":4},"end":{"line":51,"column":18}},"28":{"start":{"line":52,"column":4},"end":{"line":52,"column":22}},"29":{"start":{"line":53,"column":4},"end":{"line":53,"column":38}},"30":{"start":{"line":54,"column":4},"end":{"line":54,"column":18}},"31":{"start":{"line":57,"column":2},"end":{"line":112,"column":4}}},"fnMap":{"0":{"name":"(anonymous_0)","decl":{"start":{"line":9,"column":15},"end":{"line":9,"column":16}},"loc":{"start":{"line":9,"column":21},"end":{"line":113,"column":1}},"line":9},"1":{"name":"(anonymous_1)","decl":{"start":{"line":18,"column":53},"end":{"line":18,"column":54}},"loc":{"start":{"line":18,"column":62},"end":{"line":18,"column":97}},"line":18},"2":{"name":"(anonymous_2)","decl":{"start":{"line":20,"column":12},"end":{"line":20,"column":13}},"loc":{"start":{"line":20,"column":18},"end":{"line":29,"column":3}},"line":20},"3":{"name":"(anonymous_3)","decl":{"start":{"line":32,"column":12},"end":{"line":32,"column":13}},"loc":{"start":{"line":32,"column":18},"end":{"line":47,"column":3}},"line":32},"4":{"name":"(anonymous_4)","decl":{"start":{"line":36,"column":27},"end":{"line":36,"column":28}},"loc":{"start":{"line":36,"column":33},"end":{"line":38,"column":7}},"line":36},"5":{"name":"(anonymous_5)","decl":{"start":{"line":43,"column":13},"end":{"line":43,"column":14}},"loc":{"start":{"line":43,"column":19},"end":{"line":45,"column":7}},"line":43},"6":{"name":"(anonymous_6)","decl":{"start":{"line":49,"column":23},"end":{"line":49,"column":24}},"loc":{"start":{"line":49,"column":29},"end":{"line":55,"column":3}},"line":49}},"branchMap":{"0":{"loc":{"start":{"line":21,"column":4},"end":{"line":28,"column":5}},"type":"if","locations":[{"start":{"line":21,"column":4},"end":{"line":28,"column":5}},{"start":{},"end":{}}],"line":21},"1":{"loc":{"start":{"line":33,"column":4},"end":{"line":46,"column":5}},"type":"if","locations":[{"start":{"line":33,"column":4},"end":{"line":46,"column":5}},{"start":{"line":35,"column":11},"end":{"line":46,"column":5}}],"line":33},"2":{"loc":{"start":{"line":37,"column":8},"end":{"line":37,"column":64}},"type":"cond-expr","locations":[{"start":{"line":37,"column":30},"end":{"line":37,"column":45}},{"start":{"line":37,"column":48},"end":{"line":37,"column":64}}],"line":37},"3":{"loc":{"start":{"line":60,"column":8},"end":{"line":60,"column":66}},"type":"cond-expr","locations":[{"start":{"line":60,"column":17},"end":{"line":60,"column":42}},{"start":{"line":60,"column":45},"end":{"line":60,"column":66}}],"line":60},"4":{"loc":{"start":{"line":66,"column":42},"end":{"line":66,"column":71}},"type":"cond-expr","locations":[{"start":{"line":66,"column":51},"end":{"line":66,"column":59}},{"start":{"line":66,"column":62},"end":{"line":66,"column":71}}],"line":66},"5":{"loc":{"start":{"line":72,"column":12},"end":{"line":72,"column":50}},"type":"cond-expr","locations":[{"start":{"line":72,"column":21},"end":{"line":72,"column":35}},{"start":{"line":72,"column":38},"end":{"line":72,"column":50}}],"line":72},"6":{"loc":{"start":{"line":84,"column":11},"end":{"line":88,"column":11}},"type":"binary-expr","locations":[{"start":{"line":84,"column":11},"end":{"line":84,"column":18}},{"start":{"line":85,"column":12},"end":{"line":87,"column":19}}],"line":84},"7":{"loc":{"start":{"line":92,"column":11},"end":{"line":108,"column":11}},"type":"cond-expr","locations":[{"start":{"line":93,"column":12},"end":{"line":103,"column":15}},{"start":{"line":105,"column":12},"end":{"line":107,"column":19}}],"line":92}},"s":{"0":1,"1":6,"2":6,"3":6,"4":6,"5":6,"6":6,"7":6,"8":6,"9":24,"10":6,"11":4,"12":2,"13":2,"14":2,"15":0,"16":6,"17":3,"18":0,"19":3,"20":3,"21":3,"22":3,"23":3,"24":3,"25":6,"26":1,"27":1,"28":1,"29":1,"30":1,"31":6},"f":{"0":6,"1":24,"2":4,"3":3,"4":3,"5":3,"6":1},"b":{"0":[2,2],"1":[0,3],"2":[0,3],"3":[0,6],"4":[0,6],"5":[0,6],"6":[6,2],"7":[5,1]},"_coverageSchema":"1a1c01bbd47fc00a2c39e90264f33305004495a9","hash":"8dcb1e4f7873296f8ef409c0c0b963dc8bf4f6ff"}
,"/home/shayzimm/t3assessments/yallambee-booking-app-frontend/src/components/Modal.jsx": {"path":"/home/shayzimm/t3assessments/yallambee-booking-app-frontend/src/components/Modal.jsx","statementMap":{"0":{"start":{"line":3,"column":14},"end":{"line":48,"column":1}},"1":{"start":{"line":4,"column":2},"end":{"line":47,"column":4}}},"fnMap":{"0":{"name":"(anonymous_0)","decl":{"start":{"line":3,"column":14},"end":{"line":3,"column":15}},"loc":{"start":{"line":3,"column":41},"end":{"line":48,"column":1}},"line":3}},"branchMap":{},"s":{"0":3,"1":4},"f":{"0":4},"b":{},"_coverageSchema":"1a1c01bbd47fc00a2c39e90264f33305004495a9","hash":"f1d07afd9dada68482f67f90fc1ce1f84518c7fd"}
,"/home/shayzimm/t3assessments/yallambee-booking-app-frontend/src/components/PropertyCard.jsx": {"path":"/home/shayzimm/t3assessments/yallambee-booking-app-frontend/src/components/PropertyCard.jsx","statementMap":{"0":{"start":{"line":6,"column":21},"end":{"line":90,"column":1}},"1":{"start":{"line":7,"column":19},"end":{"line":7,"column":48}},"2":{"start":{"line":9,"column":2},"end":{"line":11,"column":3}},"3":{"start":{"line":10,"column":4},"end":{"line":10,"column":46}},"4":{"start":{"line":13,"column":2},"end":{"line":89,"column":4}},"5":{"start":{"line":68,"column":27},"end":{"line":68,"column":43}},"6":{"start":{"line":74,"column":27},"end":{"line":74,"column":49}}},"fnMap":{"0":{"name":"(anonymous_0)","decl":{"start":{"line":6,"column":21},"end":{"line":6,"column":22}},"loc":{"start":{"line":6,"column":57},"end":{"line":90,"column":1}},"line":6},"1":{"name":"(anonymous_1)","decl":{"start":{"line":68,"column":21},"end":{"line":68,"column":22}},"loc":{"start":{"line":68,"column":27},"end":{"line":68,"column":43}},"line":68},"2":{"name":"(anonymous_2)","decl":{"start":{"line":74,"column":21},"end":{"line":74,"column":22}},"loc":{"start":{"line":74,"column":27},"end":{"line":74,"column":49}},"line":74}},"branchMap":{"0":{"loc":{"start":{"line":7,"column":19},"end":{"line":7,"column":48}},"type":"binary-expr","locations":[{"start":{"line":7,"column":19},"end":{"line":7,"column":42}},{"start":{"line":7,"column":46},"end":{"line":7,"column":48}}],"line":7},"1":{"loc":{"start":{"line":9,"column":2},"end":{"line":11,"column":3}},"type":"if","locations":[{"start":{"line":9,"column":2},"end":{"line":11,"column":3}},{"start":{},"end":{}}],"line":9},"2":{"loc":{"start":{"line":17,"column":9},"end":{"line":27,"column":9}},"type":"cond-expr","locations":[{"start":{"line":18,"column":10},"end":{"line":22,"column":12}},{"start":{"line":24,"column":10},"end":{"line":26,"column":16}}],"line":17},"3":{"loc":{"start":{"line":17,"column":9},"end":{"line":17,"column":54}},"type":"binary-expr","locations":[{"start":{"line":17,"column":9},"end":{"line":17,"column":24}},{"start":{"line":17,"column":28},"end":{"line":17,"column":54}}],"line":17},"4":{"loc":{"start":{"line":65,"column":7},"end":{"line":87,"column":7}},"type":"cond-expr","locations":[{"start":{"line":66,"column":8},"end":{"line":79,"column":14}},{"start":{"line":81,"column":8},"end":{"line":86,"column":15}}],"line":65},"5":{"loc":{"start":{"line":65,"column":7},"end":{"line":65,"column":27}},"type":"binary-expr","locations":[{"start":{"line":65,"column":7},"end":{"line":65,"column":11}},{"start":{"line":65,"column":15},"end":{"line":65,"column":27}}],"line":65}},"s":{"0":1,"1":6,"2":6,"3":1,"4":5,"5":1,"6":1},"f":{"0":6,"1":1,"2":1},"b":{"0":[6,2],"1":[1,5],"2":[5,0],"3":[5,5],"4":[3,2],"5":[5,4]},"_coverageSchema":"1a1c01bbd47fc00a2c39e90264f33305004495a9","hash":"87fac9d02cd89de6b84a9e50cf05db4ab6ad52b4"}
,"/home/shayzimm/t3assessments/yallambee-booking-app-frontend/src/components/SelectProperty.jsx": {"path":"/home/shayzimm/t3assessments/yallambee-booking-app-frontend/src/components/SelectProperty.jsx","statementMap":{"0":{"start":{"line":6,"column":23},"end":{"line":47,"column":1}},"1":{"start":{"line":7,"column":38},"end":{"line":7,"column":50}},"2":{"start":{"line":9,"column":2},"end":{"line":25,"column":9}},"3":{"start":{"line":10,"column":28},"end":{"line":21,"column":5}},"4":{"start":{"line":11,"column":6},"end":{"line":20,"column":7}},"5":{"start":{"line":12,"column":25},"end":{"line":12,"column":105}},"6":{"start":{"line":13,"column":8},"end":{"line":17,"column":9}},"7":{"start":{"line":14,"column":10},"end":{"line":14,"column":39}},"8":{"start":{"line":16,"column":10},"end":{"line":16,"column":44}},"9":{"start":{"line":19,"column":8},"end":{"line":19,"column":59}},"10":{"start":{"line":24,"column":4},"end":{"line":24,"column":22}},"11":{"start":{"line":27,"column":2},"end":{"line":46,"column":4}},"12":{"start":{"line":35,"column":10},"end":{"line":42,"column":22}},"13":{"start":{"line":36,"column":27},"end":{"line":36,"column":56}}},"fnMap":{"0":{"name":"(anonymous_0)","decl":{"start":{"line":6,"column":23},"end":{"line":6,"column":24}},"loc":{"start":{"line":6,"column":70},"end":{"line":47,"column":1}},"line":6},"1":{"name":"(anonymous_1)","decl":{"start":{"line":9,"column":12},"end":{"line":9,"column":13}},"loc":{"start":{"line":9,"column":18},"end":{"line":25,"column":3}},"line":9},"2":{"name":"(anonymous_2)","decl":{"start":{"line":10,"column":28},"end":{"line":10,"column":29}},"loc":{"start":{"line":10,"column":40},"end":{"line":21,"column":5}},"line":10},"3":{"name":"(anonymous_3)","decl":{"start":{"line":34,"column":24},"end":{"line":34,"column":25}},"loc":{"start":{"line":35,"column":10},"end":{"line":42,"column":22}},"line":35},"4":{"name":"(anonymous_4)","decl":{"start":{"line":36,"column":21},"end":{"line":36,"column":22}},"loc":{"start":{"line":36,"column":27},"end":{"line":36,"column":56}},"line":36}},"branchMap":{"0":{"loc":{"start":{"line":13,"column":8},"end":{"line":17,"column":9}},"type":"if","locations":[{"start":{"line":13,"column":8},"end":{"line":17,"column":9}},{"start":{"line":15,"column":15},"end":{"line":17,"column":9}}],"line":13},"1":{"loc":{"start":{"line":30,"column":9},"end":{"line":30,"column":62}},"type":"cond-expr","locations":[{"start":{"line":30,"column":28},"end":{"line":30,"column":49}},{"start":{"line":30,"column":52},"end":{"line":30,"column":62}}],"line":30}},"s":{"0":2,"1":5,"2":5,"3":2,"4":2,"5":2,"6":2,"7":2,"8":0,"9":0,"10":2,"11":5,"12":5,"13":1},"f":{"0":5,"1":2,"2":2,"3":5,"4":1},"b":{"0":[2,0],"1":[1,4]},"_coverageSchema":"1a1c01bbd47fc00a2c39e90264f33305004495a9","hash":"43d442edb3fba6943e38282640a0d84d236c3cd8"}
,"/home/shayzimm/t3assessments/yallambee-booking-app-frontend/src/components/UpdateBookingForm.jsx": {"path":"/home/shayzimm/t3assessments/yallambee-booking-app-frontend/src/components/UpdateBookingForm.jsx","statementMap":{"0":{"start":{"line":5,"column":26},"end":{"line":110,"column":1}},"1":{"start":{"line":6,"column":36},"end":{"line":6,"column":63}},"2":{"start":{"line":7,"column":32},"end":{"line":7,"column":57}},"3":{"start":{"line":8,"column":30},"end":{"line":8,"column":54}},"4":{"start":{"line":9,"column":32},"end":{"line":9,"column":47}},"5":{"start":{"line":11,"column":2},"end":{"line":16,"column":15}},"6":{"start":{"line":13,"column":4},"end":{"line":13,"column":35}},"7":{"start":{"line":14,"column":4},"end":{"line":14,"column":31}},"8":{"start":{"line":15,"column":4},"end":{"line":15,"column":29}},"9":{"start":{"line":18,"column":30},"end":{"line":51,"column":3}},"10":{"start":{"line":19,"column":4},"end":{"line":19,"column":22}},"11":{"start":{"line":20,"column":4},"end":{"line":20,"column":20}},"12":{"start":{"line":22,"column":31},"end":{"line":26,"column":5}},"13":{"start":{"line":28,"column":4},"end":{"line":28,"column":106}},"14":{"start":{"line":30,"column":4},"end":{"line":50,"column":5}},"15":{"start":{"line":31,"column":20},"end":{"line":31,"column":30}},"16":{"start":{"line":32,"column":23},"end":{"line":38,"column":7}},"17":{"start":{"line":40,"column":6},"end":{"line":40,"column":65}},"18":{"start":{"line":43,"column":6},"end":{"line":43,"column":27}},"19":{"start":{"line":44,"column":6},"end":{"line":44,"column":38}},"20":{"start":{"line":45,"column":6},"end":{"line":45,"column":15}},"21":{"start":{"line":47,"column":6},"end":{"line":47,"column":85}},"22":{"start":{"line":49,"column":6},"end":{"line":49,"column":23}},"23":{"start":{"line":53,"column":2},"end":{"line":109,"column":3}},"24":{"start":{"line":63,"column":29},"end":{"line":63,"column":57}},"25":{"start":{"line":74,"column":29},"end":{"line":74,"column":55}},"26":{"start":{"line":85,"column":29},"end":{"line":85,"column":54}}},"fnMap":{"0":{"name":"(anonymous_0)","decl":{"start":{"line":5,"column":26},"end":{"line":5,"column":27}},"loc":{"start":{"line":5,"column":60},"end":{"line":110,"column":1}},"line":5},"1":{"name":"(anonymous_1)","decl":{"start":{"line":11,"column":12},"end":{"line":11,"column":13}},"loc":{"start":{"line":11,"column":18},"end":{"line":16,"column":3}},"line":11},"2":{"name":"(anonymous_2)","decl":{"start":{"line":18,"column":30},"end":{"line":18,"column":31}},"loc":{"start":{"line":18,"column":43},"end":{"line":51,"column":3}},"line":18},"3":{"name":"(anonymous_3)","decl":{"start":{"line":63,"column":22},"end":{"line":63,"column":23}},"loc":{"start":{"line":63,"column":29},"end":{"line":63,"column":57}},"line":63},"4":{"name":"(anonymous_4)","decl":{"start":{"line":74,"column":22},"end":{"line":74,"column":23}},"loc":{"start":{"line":74,"column":29},"end":{"line":74,"column":55}},"line":74},"5":{"name":"(anonymous_5)","decl":{"start":{"line":85,"column":22},"end":{"line":85,"column":23}},"loc":{"start":{"line":85,"column":29},"end":{"line":85,"column":54}},"line":85}},"branchMap":{"0":{"loc":{"start":{"line":47,"column":47},"end":{"line":47,"column":84}},"type":"binary-expr","locations":[{"start":{"line":47,"column":47},"end":{"line":47,"column":67}},{"start":{"line":47,"column":71},"end":{"line":47,"column":84}}],"line":47},"1":{"loc":{"start":{"line":98,"column":11},"end":{"line":98,"column":45}},"type":"cond-expr","locations":[{"start":{"line":98,"column":21},"end":{"line":98,"column":34}},{"start":{"line":98,"column":37},"end":{"line":98,"column":45}}],"line":98}},"s":{"0":1,"1":16,"2":16,"3":16,"4":16,"5":16,"6":5,"7":5,"8":5,"9":16,"10":2,"11":2,"12":2,"13":2,"14":2,"15":2,"16":2,"17":2,"18":2,"19":2,"20":2,"21":0,"22":2,"23":16,"24":1,"25":1,"26":2},"f":{"0":16,"1":5,"2":2,"3":1,"4":1,"5":2},"b":{"0":[0,0],"1":[3,13]},"_coverageSchema":"1a1c01bbd47fc00a2c39e90264f33305004495a9","hash":"f4ae30f46b39e2774f312cda3998c59911a3f36f"}
,"/home/shayzimm/t3assessments/yallambee-booking-app-frontend/src/components/UpdatePropertyForm.jsx": {"path":"/home/shayzimm/t3assessments/yallambee-booking-app-frontend/src/components/UpdatePropertyForm.jsx","statementMap":{"0":{"start":{"line":5,"column":27},"end":{"line":185,"column":1}},"1":{"start":{"line":6,"column":26},"end":{"line":6,"column":56}},"2":{"start":{"line":7,"column":40},"end":{"line":7,"column":77}},"3":{"start":{"line":8,"column":28},"end":{"line":8,"column":58}},"4":{"start":{"line":9,"column":26},"end":{"line":9,"column":55}},"5":{"start":{"line":10,"column":36},"end":{"line":10,"column":70}},"6":{"start":{"line":11,"column":42},"end":{"line":11,"column":80}},"7":{"start":{"line":12,"column":30},"end":{"line":12,"column":62}},"8":{"start":{"line":13,"column":34},"end":{"line":16,"column":4}},"9":{"start":{"line":17,"column":46},"end":{"line":17,"column":86}},"10":{"start":{"line":19,"column":31},"end":{"line":54,"column":3}},"11":{"start":{"line":20,"column":4},"end":{"line":20,"column":23}},"12":{"start":{"line":22,"column":32},"end":{"line":32,"column":5}},"13":{"start":{"line":34,"column":4},"end":{"line":34,"column":109}},"14":{"start":{"line":36,"column":4},"end":{"line":53,"column":5}},"15":{"start":{"line":37,"column":20},"end":{"line":37,"column":30}},"16":{"start":{"line":38,"column":23},"end":{"line":44,"column":7}},"17":{"start":{"line":46,"column":6},"end":{"line":46,"column":75}},"18":{"start":{"line":48,"column":6},"end":{"line":48,"column":28}},"19":{"start":{"line":49,"column":6},"end":{"line":49,"column":16}},"20":{"start":{"line":51,"column":6},"end":{"line":51,"column":95}},"21":{"start":{"line":52,"column":6},"end":{"line":52,"column":65}},"22":{"start":{"line":56,"column":2},"end":{"line":184,"column":4}},"23":{"start":{"line":66,"column":29},"end":{"line":66,"column":52}},"24":{"start":{"line":76,"column":29},"end":{"line":76,"column":59}},"25":{"start":{"line":87,"column":29},"end":{"line":87,"column":53}},"26":{"start":{"line":98,"column":29},"end":{"line":98,"column":52}},"27":{"start":{"line":109,"column":29},"end":{"line":109,"column":57}},"28":{"start":{"line":120,"column":29},"end":{"line":120,"column":96}},"29":{"start":{"line":120,"column":83},"end":{"line":120,"column":94}},"30":{"start":{"line":130,"column":29},"end":{"line":130,"column":88}},"31":{"start":{"line":130,"column":76},"end":{"line":130,"column":86}},"32":{"start":{"line":142,"column":31},"end":{"line":142,"column":81}},"33":{"start":{"line":151,"column":31},"end":{"line":151,"column":82}},"34":{"start":{"line":163,"column":29},"end":{"line":163,"column":62}}},"fnMap":{"0":{"name":"(anonymous_0)","decl":{"start":{"line":5,"column":27},"end":{"line":5,"column":28}},"loc":{"start":{"line":5,"column":62},"end":{"line":185,"column":1}},"line":5},"1":{"name":"(anonymous_1)","decl":{"start":{"line":19,"column":31},"end":{"line":19,"column":32}},"loc":{"start":{"line":19,"column":44},"end":{"line":54,"column":3}},"line":19},"2":{"name":"(anonymous_2)","decl":{"start":{"line":66,"column":22},"end":{"line":66,"column":23}},"loc":{"start":{"line":66,"column":29},"end":{"line":66,"column":52}},"line":66},"3":{"name":"(anonymous_3)","decl":{"start":{"line":76,"column":22},"end":{"line":76,"column":23}},"loc":{"start":{"line":76,"column":29},"end":{"line":76,"column":59}},"line":76},"4":{"name":"(anonymous_4)","decl":{"start":{"line":87,"column":22},"end":{"line":87,"column":23}},"loc":{"start":{"line":87,"column":29},"end":{"line":87,"column":53}},"line":87},"5":{"name":"(anonymous_5)","decl":{"start":{"line":98,"column":22},"end":{"line":98,"column":23}},"loc":{"start":{"line":98,"column":29},"end":{"line":98,"column":52}},"line":98},"6":{"name":"(anonymous_6)","decl":{"start":{"line":109,"column":22},"end":{"line":109,"column":23}},"loc":{"start":{"line":109,"column":29},"end":{"line":109,"column":57}},"line":109},"7":{"name":"(anonymous_7)","decl":{"start":{"line":120,"column":22},"end":{"line":120,"column":23}},"loc":{"start":{"line":120,"column":29},"end":{"line":120,"column":96}},"line":120},"8":{"name":"(anonymous_8)","decl":{"start":{"line":120,"column":75},"end":{"line":120,"column":76}},"loc":{"start":{"line":120,"column":83},"end":{"line":120,"column":94}},"line":120},"9":{"name":"(anonymous_9)","decl":{"start":{"line":130,"column":22},"end":{"line":130,"column":23}},"loc":{"start":{"line":130,"column":29},"end":{"line":130,"column":88}},"line":130},"10":{"name":"(anonymous_10)","decl":{"start":{"line":130,"column":69},"end":{"line":130,"column":70}},"loc":{"start":{"line":130,"column":76},"end":{"line":130,"column":86}},"line":130},"11":{"name":"(anonymous_11)","decl":{"start":{"line":142,"column":24},"end":{"line":142,"column":25}},"loc":{"start":{"line":142,"column":31},"end":{"line":142,"column":81}},"line":142},"12":{"name":"(anonymous_12)","decl":{"start":{"line":151,"column":24},"end":{"line":151,"column":25}},"loc":{"start":{"line":151,"column":31},"end":{"line":151,"column":82}},"line":151},"13":{"name":"(anonymous_13)","decl":{"start":{"line":163,"column":22},"end":{"line":163,"column":23}},"loc":{"start":{"line":163,"column":29},"end":{"line":163,"column":62}},"line":163}},"branchMap":{"0":{"loc":{"start":{"line":6,"column":35},"end":{"line":6,"column":55}},"type":"binary-expr","locations":[{"start":{"line":6,"column":35},"end":{"line":6,"column":49}},{"start":{"line":6,"column":53},"end":{"line":6,"column":55}}],"line":6},"1":{"loc":{"start":{"line":7,"column":49},"end":{"line":7,"column":76}},"type":"binary-expr","locations":[{"start":{"line":7,"column":49},"end":{"line":7,"column":70}},{"start":{"line":7,"column":74},"end":{"line":7,"column":76}}],"line":7},"2":{"loc":{"start":{"line":8,"column":37},"end":{"line":8,"column":57}},"type":"binary-expr","locations":[{"start":{"line":8,"column":37},"end":{"line":8,"column":52}},{"start":{"line":8,"column":56},"end":{"line":8,"column":57}}],"line":8},"3":{"loc":{"start":{"line":9,"column":35},"end":{"line":9,"column":54}},"type":"binary-expr","locations":[{"start":{"line":9,"column":35},"end":{"line":9,"column":49}},{"start":{"line":9,"column":53},"end":{"line":9,"column":54}}],"line":9},"4":{"loc":{"start":{"line":10,"column":45},"end":{"line":10,"column":69}},"type":"binary-expr","locations":[{"start":{"line":10,"column":45},"end":{"line":10,"column":64}},{"start":{"line":10,"column":68},"end":{"line":10,"column":69}}],"line":10},"5":{"loc":{"start":{"line":11,"column":51},"end":{"line":11,"column":79}},"type":"binary-expr","locations":[{"start":{"line":11,"column":51},"end":{"line":11,"column":73}},{"start":{"line":11,"column":77},"end":{"line":11,"column":79}}],"line":11},"6":{"loc":{"start":{"line":12,"column":39},"end":{"line":12,"column":61}},"type":"binary-expr","locations":[{"start":{"line":12,"column":39},"end":{"line":12,"column":55}},{"start":{"line":12,"column":59},"end":{"line":12,"column":61}}],"line":12},"7":{"loc":{"start":{"line":14,"column":10},"end":{"line":14,"column":40}},"type":"binary-expr","locations":[{"start":{"line":14,"column":10},"end":{"line":14,"column":34}},{"start":{"line":14,"column":38},"end":{"line":14,"column":40}}],"line":14},"8":{"loc":{"start":{"line":15,"column":11},"end":{"line":15,"column":42}},"type":"binary-expr","locations":[{"start":{"line":15,"column":11},"end":{"line":15,"column":36}},{"start":{"line":15,"column":40},"end":{"line":15,"column":42}}],"line":15},"9":{"loc":{"start":{"line":17,"column":55},"end":{"line":17,"column":85}},"type":"binary-expr","locations":[{"start":{"line":17,"column":55},"end":{"line":17,"column":79}},{"start":{"line":17,"column":83},"end":{"line":17,"column":85}}],"line":17},"10":{"loc":{"start":{"line":51,"column":56},"end":{"line":51,"column":93}},"type":"binary-expr","locations":[{"start":{"line":51,"column":56},"end":{"line":51,"column":76}},{"start":{"line":51,"column":80},"end":{"line":51,"column":93}}],"line":51}},"s":{"0":1,"1":6,"2":6,"3":6,"4":6,"5":6,"6":6,"7":6,"8":6,"9":6,"10":6,"11":1,"12":1,"13":1,"14":1,"15":1,"16":1,"17":1,"18":1,"19":1,"20":0,"21":0,"22":6,"23":1,"24":0,"25":1,"26":0,"27":1,"28":0,"29":0,"30":0,"31":0,"32":0,"33":0,"34":0},"f":{"0":6,"1":1,"2":1,"3":0,"4":1,"5":0,"6":1,"7":0,"8":0,"9":0,"10":0,"11":0,"12":0,"13":0},"b":{"0":[6,0],"1":[6,0],"2":[6,0],"3":[6,0],"4":[6,0],"5":[6,0],"6":[6,0],"7":[6,0],"8":[6,0],"9":[6,0],"10":[0,0]},"_coverageSchema":"1a1c01bbd47fc00a2c39e90264f33305004495a9","hash":"c9bbe194a8193e32178dd3ab2793d02604140cc7"}
,"/home/shayzimm/t3assessments/yallambee-booking-app-frontend/src/components/UpdateUserDetailsForm.jsx": {"path":"/home/shayzimm/t3assessments/yallambee-booking-app-frontend/src/components/UpdateUserDetailsForm.jsx","statementMap":{"0":{"start":{"line":5,"column":30},"end":{"line":147,"column":1}},"1":{"start":{"line":6,"column":36},"end":{"line":6,"column":67}},"2":{"start":{"line":7,"column":34},"end":{"line":7,"column":64}},"3":{"start":{"line":8,"column":34},"end":{"line":8,"column":64}},"4":{"start":{"line":9,"column":28},"end":{"line":9,"column":55}},"5":{"start":{"line":10,"column":28},"end":{"line":10,"column":55}},"6":{"start":{"line":11,"column":32},"end":{"line":11,"column":61}},"7":{"start":{"line":12,"column":24},"end":{"line":12,"column":72}},"8":{"start":{"line":14,"column":34},"end":{"line":47,"column":3}},"9":{"start":{"line":15,"column":4},"end":{"line":15,"column":23}},"10":{"start":{"line":17,"column":28},"end":{"line":25,"column":5}},"11":{"start":{"line":27,"column":4},"end":{"line":27,"column":101}},"12":{"start":{"line":29,"column":4},"end":{"line":46,"column":5}},"13":{"start":{"line":30,"column":20},"end":{"line":30,"column":30}},"14":{"start":{"line":31,"column":23},"end":{"line":37,"column":7}},"15":{"start":{"line":39,"column":6},"end":{"line":39,"column":71}},"16":{"start":{"line":41,"column":6},"end":{"line":41,"column":28}},"17":{"start":{"line":42,"column":6},"end":{"line":42,"column":16}},"18":{"start":{"line":44,"column":6},"end":{"line":44,"column":91}},"19":{"start":{"line":45,"column":6},"end":{"line":45,"column":65}},"20":{"start":{"line":49,"column":2},"end":{"line":146,"column":4}},"21":{"start":{"line":59,"column":29},"end":{"line":59,"column":57}},"22":{"start":{"line":70,"column":29},"end":{"line":70,"column":56}},"23":{"start":{"line":80,"column":29},"end":{"line":80,"column":56}},"24":{"start":{"line":91,"column":29},"end":{"line":91,"column":53}},"25":{"start":{"line":102,"column":29},"end":{"line":102,"column":53}},"26":{"start":{"line":113,"column":29},"end":{"line":113,"column":55}},"27":{"start":{"line":124,"column":29},"end":{"line":124,"column":51}}},"fnMap":{"0":{"name":"(anonymous_0)","decl":{"start":{"line":5,"column":30},"end":{"line":5,"column":31}},"loc":{"start":{"line":5,"column":61},"end":{"line":147,"column":1}},"line":5},"1":{"name":"(anonymous_1)","decl":{"start":{"line":14,"column":34},"end":{"line":14,"column":35}},"loc":{"start":{"line":14,"column":47},"end":{"line":47,"column":3}},"line":14},"2":{"name":"(anonymous_2)","decl":{"start":{"line":59,"column":22},"end":{"line":59,"column":23}},"loc":{"start":{"line":59,"column":29},"end":{"line":59,"column":57}},"line":59},"3":{"name":"(anonymous_3)","decl":{"start":{"line":70,"column":22},"end":{"line":70,"column":23}},"loc":{"start":{"line":70,"column":29},"end":{"line":70,"column":56}},"line":70},"4":{"name":"(anonymous_4)","decl":{"start":{"line":80,"column":22},"end":{"line":80,"column":23}},"loc":{"start":{"line":80,"column":29},"end":{"line":80,"column":56}},"line":80},"5":{"name":"(anonymous_5)","decl":{"start":{"line":91,"column":22},"end":{"line":91,"column":23}},"loc":{"start":{"line":91,"column":29},"end":{"line":91,"column":53}},"line":91},"6":{"name":"(anonymous_6)","decl":{"start":{"line":102,"column":22},"end":{"line":102,"column":23}},"loc":{"start":{"line":102,"column":29},"end":{"line":102,"column":53}},"line":102},"7":{"name":"(anonymous_7)","decl":{"start":{"line":113,"column":22},"end":{"line":113,"column":23}},"loc":{"start":{"line":113,"column":29},"end":{"line":113,"column":55}},"line":113},"8":{"name":"(anonymous_8)","decl":{"start":{"line":124,"column":22},"end":{"line":124,"column":23}},"loc":{"start":{"line":124,"column":29},"end":{"line":124,"column":51}},"line":124}},"branchMap":{"0":{"loc":{"start":{"line":6,"column":45},"end":{"line":6,"column":66}},"type":"binary-expr","locations":[{"start":{"line":6,"column":45},"end":{"line":6,"column":60}},{"start":{"line":6,"column":64},"end":{"line":6,"column":66}}],"line":6},"1":{"loc":{"start":{"line":7,"column":43},"end":{"line":7,"column":63}},"type":"binary-expr","locations":[{"start":{"line":7,"column":43},"end":{"line":7,"column":57}},{"start":{"line":7,"column":61},"end":{"line":7,"column":63}}],"line":7},"2":{"loc":{"start":{"line":8,"column":43},"end":{"line":8,"column":63}},"type":"binary-expr","locations":[{"start":{"line":8,"column":43},"end":{"line":8,"column":57}},{"start":{"line":8,"column":61},"end":{"line":8,"column":63}}],"line":8},"3":{"loc":{"start":{"line":9,"column":37},"end":{"line":9,"column":54}},"type":"binary-expr","locations":[{"start":{"line":9,"column":37},"end":{"line":9,"column":48}},{"start":{"line":9,"column":52},"end":{"line":9,"column":54}}],"line":9},"4":{"loc":{"start":{"line":10,"column":37},"end":{"line":10,"column":54}},"type":"binary-expr","locations":[{"start":{"line":10,"column":37},"end":{"line":10,"column":48}},{"start":{"line":10,"column":52},"end":{"line":10,"column":54}}],"line":10},"5":{"loc":{"start":{"line":11,"column":41},"end":{"line":11,"column":60}},"type":"binary-expr","locations":[{"start":{"line":11,"column":41},"end":{"line":11,"column":54}},{"start":{"line":11,"column":58},"end":{"line":11,"column":60}}],"line":11},"6":{"loc":{"start":{"line":12,"column":33},"end":{"line":12,"column":71}},"type":"cond-expr","locations":[{"start":{"line":12,"column":45},"end":{"line":12,"column":66}},{"start":{"line":12,"column":69},"end":{"line":12,"column":71}}],"line":12},"7":{"loc":{"start":{"line":44,"column":52},"end":{"line":44,"column":89}},"type":"binary-expr","locations":[{"start":{"line":44,"column":52},"end":{"line":44,"column":72}},{"start":{"line":44,"column":76},"end":{"line":44,"column":89}}],"line":44}},"s":{"0":2,"1":2,"2":2,"3":2,"4":2,"5":2,"6":2,"7":2,"8":2,"9":0,"10":0,"11":0,"12":0,"13":0,"14":0,"15":0,"16":0,"17":0,"18":0,"19":0,"20":2,"21":0,"22":0,"23":0,"24":0,"25":0,"26":0,"27":0},"f":{"0":2,"1":0,"2":0,"3":0,"4":0,"5":0,"6":0,"7":0,"8":0},"b":{"0":[2,0],"1":[2,0],"2":[2,0],"3":[2,0],"4":[2,0],"5":[2,0],"6":[2,0],"7":[0,0]},"_coverageSchema":"1a1c01bbd47fc00a2c39e90264f33305004495a9","hash":"e5491aeed79b7760875b7e116c47ced121297b2b"}
,"/home/shayzimm/t3assessments/yallambee-booking-app-frontend/src/components/UserCard.jsx": {"path":"/home/shayzimm/t3assessments/yallambee-booking-app-frontend/src/components/UserCard.jsx","statementMap":{"0":{"start":{"line":6,"column":17},"end":{"line":73,"column":1}},"1":{"start":{"line":7,"column":56},"end":{"line":7,"column":71}},"2":{"start":{"line":9,"column":21},"end":{"line":11,"column":3}},"3":{"start":{"line":10,"column":4},"end":{"line":10,"column":33}},"4":{"start":{"line":13,"column":2},"end":{"line":72,"column":4}},"5":{"start":{"line":50,"column":25},"end":{"line":50,"column":43}},"6":{"start":{"line":59,"column":25},"end":{"line":59,"column":54}},"7":{"start":{"line":64,"column":10},"end":{"line":64,"column":30}},"8":{"start":{"line":65,"column":10},"end":{"line":65,"column":40}},"9":{"start":{"line":67,"column":21},"end":{"line":67,"column":50}}},"fnMap":{"0":{"name":"(anonymous_0)","decl":{"start":{"line":6,"column":17},"end":{"line":6,"column":18}},"loc":{"start":{"line":6,"column":49},"end":{"line":73,"column":1}},"line":6},"1":{"name":"(anonymous_1)","decl":{"start":{"line":9,"column":21},"end":{"line":9,"column":22}},"loc":{"start":{"line":9,"column":27},"end":{"line":11,"column":3}},"line":9},"2":{"name":"(anonymous_2)","decl":{"start":{"line":50,"column":19},"end":{"line":50,"column":20}},"loc":{"start":{"line":50,"column":25},"end":{"line":50,"column":43}},"line":50},"3":{"name":"(anonymous_3)","decl":{"start":{"line":59,"column":19},"end":{"line":59,"column":20}},"loc":{"start":{"line":59,"column":25},"end":{"line":59,"column":54}},"line":59},"4":{"name":"(anonymous_4)","decl":{"start":{"line":63,"column":18},"end":{"line":63,"column":19}},"loc":{"start":{"line":63,"column":35},"end":{"line":66,"column":7}},"line":63},"5":{"name":"(anonymous_5)","decl":{"start":{"line":67,"column":15},"end":{"line":67,"column":16}},"loc":{"start":{"line":67,"column":21},"end":{"line":67,"column":50}},"line":67}},"branchMap":{"0":{"loc":{"start":{"line":36,"column":19},"end":{"line":36,"column":46}},"type":"cond-expr","locations":[{"start":{"line":36,"column":34},"end":{"line":36,"column":39}},{"start":{"line":36,"column":42},"end":{"line":36,"column":46}}],"line":36},"1":{"loc":{"start":{"line":56,"column":7},"end":{"line":70,"column":1}},"type":"binary-expr","locations":[{"start":{"line":56,"column":7},"end":{"line":56,"column":26}},{"start":{"line":57,"column":8},"end":{"line":69,"column":10}}],"line":56}},"s":{"0":1,"1":1,"2":1,"3":0,"4":1,"5":1,"6":0,"7":0,"8":0,"9":0},"f":{"0":1,"1":0,"2":1,"3":0,"4":0,"5":0},"b":{"0":[1,0],"1":[1,0]},"_coverageSchema":"1a1c01bbd47fc00a2c39e90264f33305004495a9","hash":"f8c729eda15b090324a24c896ef396764cfcfeaa"}
,"/home/shayzimm/t3assessments/yallambee-booking-app-frontend/src/context/userContext.jsx": {"path":"/home/shayzimm/t3assessments/yallambee-booking-app-frontend/src/context/userContext.jsx","statementMap":{"0":{"start":{"line":5,"column":27},"end":{"line":5,"column":42}},"1":{"start":{"line":7,"column":28},"end":{"line":35,"column":1}},"2":{"start":{"line":8,"column":26},"end":{"line":8,"column":40}},"3":{"start":{"line":10,"column":2},"end":{"line":28,"column":9}},"4":{"start":{"line":11,"column":26},"end":{"line":25,"column":5}},"5":{"start":{"line":12,"column":20},"end":{"line":12,"column":30}},"6":{"start":{"line":13,"column":6},"end":{"line":24,"column":7}},"7":{"start":{"line":14,"column":8},"end":{"line":23,"column":9}},"8":{"start":{"line":15,"column":22},"end":{"line":15,"column":57}},"9":{"start":{"line":16,"column":27},"end":{"line":18,"column":12}},"10":{"start":{"line":19,"column":10},"end":{"line":19,"column":33}},"11":{"start":{"line":21,"column":10},"end":{"line":21,"column":60}},"12":{"start":{"line":22,"column":10},"end":{"line":22,"column":24}},"13":{"start":{"line":27,"column":4},"end":{"line":27,"column":20}},"14":{"start":{"line":30,"column":2},"end":{"line":34,"column":4}}},"fnMap":{"0":{"name":"(anonymous_0)","decl":{"start":{"line":7,"column":28},"end":{"line":7,"column":29}},"loc":{"start":{"line":7,"column":46},"end":{"line":35,"column":1}},"line":7},"1":{"name":"(anonymous_1)","decl":{"start":{"line":10,"column":12},"end":{"line":10,"column":13}},"loc":{"start":{"line":10,"column":18},"end":{"line":28,"column":3}},"line":10},"2":{"name":"(anonymous_2)","decl":{"start":{"line":11,"column":26},"end":{"line":11,"column":27}},"loc":{"start":{"line":11,"column":38},"end":{"line":25,"column":5}},"line":11}},"branchMap":{"0":{"loc":{"start":{"line":13,"column":6},"end":{"line":24,"column":7}},"type":"if","locations":[{"start":{"line":13,"column":6},"end":{"line":24,"column":7}},{"start":{},"end":{}}],"line":13}},"s":{"0":2,"1":2,"2":0,"3":0,"4":0,"5":0,"6":0,"7":0,"8":0,"9":0,"10":0,"11":0,"12":0,"13":0,"14":0},"f":{"0":0,"1":0,"2":0},"b":{"0":[0,0]},"_coverageSchema":"1a1c01bbd47fc00a2c39e90264f33305004495a9","hash":"9898a68e55b2a49f3186f576e840b63d80128d59"}
,"/home/shayzimm/t3assessments/yallambee-booking-app-frontend/src/pages/authUtils.jsx": {"path":"/home/shayzimm/t3assessments/yallambee-booking-app-frontend/src/pages/authUtils.jsx","statementMap":{"0":{"start":{"line":3,"column":25},"end":{"line":5,"column":1}},"1":{"start":{"line":4,"column":2},"end":{"line":4,"column":39}},"2":{"start":{"line":7,"column":24},"end":{"line":9,"column":1}},"3":{"start":{"line":8,"column":2},"end":{"line":8,"column":39}},"4":{"start":{"line":11,"column":27},"end":{"line":13,"column":1}},"5":{"start":{"line":12,"column":2},"end":{"line":12,"column":35}},"6":{"start":{"line":15,"column":38},"end":{"line":23,"column":1}},"7":{"start":{"line":16,"column":2},"end":{"line":22,"column":3}},"8":{"start":{"line":17,"column":25},"end":{"line":17,"column":41}},"9":{"start":{"line":18,"column":4},"end":{"line":18,"column":27}},"10":{"start":{"line":20,"column":4},"end":{"line":20,"column":50}},"11":{"start":{"line":21,"column":4},"end":{"line":21,"column":16}},"12":{"start":{"line":25,"column":27},"end":{"line":31,"column":1}},"13":{"start":{"line":26,"column":2},"end":{"line":30,"column":3}},"14":{"start":{"line":27,"column":4},"end":{"line":27,"column":34}},"15":{"start":{"line":29,"column":4},"end":{"line":29,"column":50}}},"fnMap":{"0":{"name":"(anonymous_0)","decl":{"start":{"line":3,"column":25},"end":{"line":3,"column":26}},"loc":{"start":{"line":3,"column":36},"end":{"line":5,"column":1}},"line":3},"1":{"name":"(anonymous_1)","decl":{"start":{"line":7,"column":24},"end":{"line":7,"column":25}},"loc":{"start":{"line":7,"column":30},"end":{"line":9,"column":1}},"line":7},"2":{"name":"(anonymous_2)","decl":{"start":{"line":11,"column":27},"end":{"line":11,"column":28}},"loc":{"start":{"line":11,"column":33},"end":{"line":13,"column":1}},"line":11},"3":{"name":"(anonymous_3)","decl":{"start":{"line":15,"column":38},"end":{"line":15,"column":39}},"loc":{"start":{"line":15,"column":55},"end":{"line":23,"column":1}},"line":15},"4":{"name":"(anonymous_4)","decl":{"start":{"line":25,"column":27},"end":{"line":25,"column":28}},"loc":{"start":{"line":25,"column":44},"end":{"line":31,"column":1}},"line":25}},"branchMap":{},"s":{"0":6,"1":0,"2":6,"3":3,"4":6,"5":1,"6":6,"7":0,"8":0,"9":0,"10":0,"11":0,"12":6,"13":0,"14":0,"15":0},"f":{"0":0,"1":3,"2":1,"3":0,"4":0},"b":{},"_coverageSchema":"1a1c01bbd47fc00a2c39e90264f33305004495a9","hash":"8af784f079d7762180a4e6b8e9e520de74ab0128"}
}
