TN:
SF:src/components/BookingCard.jsx
FN:7,(anonymous_0)
FN:17,(anonymous_1)
FN:23,(anonymous_2)
FN:35,(anonymous_3)
FN:39,(anonymous_4)
FN:111,(anonymous_5)
FN:124,(anonymous_6)
FNF:7
FNH:6
FNDA:10,(anonymous_0)
FNDA:4,(anonymous_1)
FNDA:4,(anonymous_2)
FNDA:1,(anonymous_3)
FNDA:1,(anonymous_4)
FNDA:1,(anonymous_5)
FNDA:0,(anonymous_6)
DA:7,1
DA:8,10
DA:9,10
DA:10,10
DA:11,10
DA:14,10
DA:15,10
DA:17,10
DA:18,4
DA:19,4
DA:23,10
DA:24,4
DA:25,4
DA:26,3
DA:28,1
DA:29,1
DA:31,4
DA:35,10
DA:36,1
DA:39,10
DA:40,1
DA:43,10
DA:111,1
DA:125,0
DA:126,0
DA:127,0
DA:128,0
LF:27
LH:23
BRDA:7,0,0,0
BRDA:18,1,0,4
BRDA:18,1,1,0
BRDA:18,2,0,4
BRDA:18,2,1,4
BRDA:45,3,0,10
BRDA:45,3,1,1
BRDA:46,4,0,4
BRDA:46,4,1,6
BRDA:48,5,0,5
BRDA:48,5,1,1
BRDA:52,6,0,5
BRDA:52,6,1,0
BRDA:52,7,0,5
BRDA:52,7,1,5
BRDA:56,8,0,5
BRDA:56,8,1,0
BRDA:74,9,0,5
BRDA:74,9,1,0
BRDA:83,10,0,5
BRDA:83,10,1,0
BRDA:91,11,0,5
BRDA:91,11,1,0
BRDA:93,12,0,5
BRDA:93,12,1,0
BRDA:96,13,0,5
BRDA:96,13,1,0
BRDA:96,14,0,5
BRDA:96,14,1,0
BRDA:98,15,0,5
BRDA:98,15,1,0
BRDA:109,16,0,5
BRDA:109,16,1,5
BRDA:120,17,0,5
BRDA:120,17,1,1
BRF:35
BRH:24
end_of_record
TN:
SF:src/components/Button.jsx
FN:3,(anonymous_0)
FNF:1
FNH:1
FNDA:5,(anonymous_0)
DA:3,3
DA:5,5
DA:8,5
DA:10,5
LF:4
LH:4
BRDA:3,0,0,4
BRDA:3,1,0,4
BRDA:15,2,0,4
BRDA:15,2,1,1
BRDA:15,3,0,1
BRDA:15,3,1,1
BRF:6
BRH:6
end_of_record
TN:
SF:src/components/CheckAvailability.jsx
FN:9,(anonymous_0)
FN:16,(anonymous_1)
FN:22,(anonymous_2)
FN:31,(anonymous_3)
FN:32,(anonymous_4)
FN:37,(anonymous_5)
FN:74,(anonymous_6)
FNF:7
FNH:5
FNDA:3,(anonymous_0)
FNDA:2,(anonymous_1)
FNDA:1,(anonymous_2)
FNDA:0,(anonymous_3)
FNDA:0,(anonymous_4)
FNDA:1,(anonymous_5)
FNDA:1,(anonymous_6)
DA:9,1
DA:10,3
DA:11,2
DA:12,2
DA:13,2
DA:14,2
DA:16,2
DA:17,2
DA:18,1
DA:22,2
DA:23,1
DA:24,1
DA:25,1
DA:27,1
DA:31,2
DA:32,0
DA:33,0
DA:37,2
DA:38,1
DA:40,1
DA:41,0
DA:42,0
DA:45,1
DA:46,1
DA:47,1
DA:50,0
DA:51,0
DA:53,0
DA:57,2
DA:74,1
LF:30
LH:23
BRDA:17,0,0,1
BRDA:17,0,1,1
BRDA:40,1,0,0
BRDA:40,1,1,1
BRDA:45,2,0,1
BRDA:45,2,1,0
BRDA:45,3,0,1
BRDA:45,3,1,0
BRDA:50,4,0,0
BRDA:50,4,1,0
BRDA:50,5,0,0
BRDA:50,5,1,0
BRF:12
BRH:5
end_of_record
TN:
SF:src/components/CheckIn.jsx
FN:7,(anonymous_0)
FN:20,(anonymous_1)
FNF:2
FNH:2
FNDA:5,(anonymous_0)
FNDA:1,(anonymous_1)
DA:7,2
DA:8,5
DA:20,1
LF:3
LH:3
BRF:0
BRH:0
end_of_record
TN:
SF:src/components/CheckOut.jsx
FN:7,(anonymous_0)
FN:19,(anonymous_1)
FNF:2
FNH:2
FNDA:6,(anonymous_0)
FNDA:2,(anonymous_1)
DA:7,2
DA:8,6
DA:19,2
LF:3
LH:3
BRDA:20,0,0,6
BRDA:20,0,1,4
BRF:2
BRH:2
end_of_record
TN:
SF:src/components/Footer.jsx
FN:4,(anonymous_0)
FNF:1
FNH:1
FNDA:1,(anonymous_0)
DA:4,1
DA:5,1
LF:2
LH:2
BRF:0
BRH:0
end_of_record
TN:
SF:src/components/GuestsDropdown.jsx
FN:10,(anonymous_0)
FN:18,(anonymous_1)
FN:20,(anonymous_2)
FNF:3
FNH:3
FNDA:5,(anonymous_0)
FNDA:10,(anonymous_1)
FNDA:1,(anonymous_2)
DA:5,2
DA:10,2
DA:11,5
DA:19,10
DA:20,1
LF:5
LH:5
BRF:0
BRH:0
end_of_record
TN:
SF:src/components/Header.jsx
FN:9,(anonymous_0)
FN:18,(anonymous_1)
FN:20,(anonymous_2)
FN:32,(anonymous_3)
FN:36,(anonymous_4)
FN:43,(anonymous_5)
FN:49,(anonymous_6)
FNF:7
FNH:7
FNDA:6,(anonymous_0)
FNDA:24,(anonymous_1)
FNDA:4,(anonymous_2)
FNDA:3,(anonymous_3)
FNDA:3,(anonymous_4)
FNDA:3,(anonymous_5)
FNDA:1,(anonymous_6)
DA:9,1
DA:10,6
DA:11,6
DA:12,6
DA:13,6
DA:14,6
DA:15,6
DA:17,6
DA:18,24
DA:20,6
DA:21,4
DA:22,2
DA:23,2
DA:24,2
DA:26,0
DA:32,6
DA:33,3
DA:34,0
DA:36,3
DA:37,3
DA:40,3
DA:41,3
DA:43,3
DA:44,3
DA:49,6
DA:50,1
DA:51,1
DA:52,1
DA:53,1
DA:54,1
DA:57,6
LF:31
LH:29
BRDA:21,0,0,2
BRDA:21,0,1,2
BRDA:33,1,0,0
BRDA:33,1,1,3
BRDA:37,2,0,0
BRDA:37,2,1,3
BRDA:60,3,0,0
BRDA:60,3,1,6
BRDA:66,4,0,0
BRDA:66,4,1,6
BRDA:72,5,0,0
BRDA:72,5,1,6
BRDA:84,6,0,6
BRDA:84,6,1,2
BRDA:92,7,0,5
BRDA:92,7,1,1
BRF:16
BRH:11
end_of_record
TN:
SF:src/components/Modal.jsx
FN:3,(anonymous_0)
FNF:1
FNH:1
FNDA:4,(anonymous_0)
DA:3,3
DA:4,4
LF:2
LH:2
BRF:0
BRH:0
end_of_record
TN:
SF:src/components/PropertyCard.jsx
FN:6,(anonymous_0)
FN:68,(anonymous_1)
FN:74,(anonymous_2)
FNF:3
FNH:3
FNDA:6,(anonymous_0)
FNDA:1,(anonymous_1)
FNDA:1,(anonymous_2)
DA:6,1
DA:7,6
DA:9,6
DA:10,1
DA:13,5
DA:68,1
DA:74,1
LF:7
LH:7
BRDA:7,0,0,6
BRDA:7,0,1,2
BRDA:9,1,0,1
BRDA:9,1,1,5
BRDA:17,2,0,5
BRDA:17,2,1,0
BRDA:17,3,0,5
BRDA:17,3,1,5
BRDA:65,4,0,3
BRDA:65,4,1,2
BRDA:65,5,0,5
BRDA:65,5,1,4
BRF:12
BRH:11
end_of_record
TN:
SF:src/components/SelectProperty.jsx
FN:6,(anonymous_0)
FN:9,(anonymous_1)
FN:10,(anonymous_2)
FN:34,(anonymous_3)
FN:36,(anonymous_4)
FNF:5
FNH:5
FNDA:5,(anonymous_0)
FNDA:2,(anonymous_1)
FNDA:2,(anonymous_2)
FNDA:5,(anonymous_3)
FNDA:1,(anonymous_4)
DA:6,2
DA:7,5
DA:9,5
DA:10,2
DA:11,2
DA:12,2
DA:13,2
DA:14,2
DA:16,0
DA:19,0
DA:24,2
DA:27,5
DA:35,5
DA:36,1
LF:14
LH:12
BRDA:13,0,0,2
BRDA:13,0,1,0
BRDA:30,1,0,1
BRDA:30,1,1,4
BRF:4
BRH:3
end_of_record
TN:
SF:src/components/UpdateBookingForm.jsx
FN:5,(anonymous_0)
FN:11,(anonymous_1)
FN:18,(anonymous_2)
FN:63,(anonymous_3)
FN:74,(anonymous_4)
FN:85,(anonymous_5)
FNF:6
FNH:6
FNDA:16,(anonymous_0)
FNDA:5,(anonymous_1)
FNDA:2,(anonymous_2)
FNDA:1,(anonymous_3)
FNDA:1,(anonymous_4)
FNDA:2,(anonymous_5)
DA:5,1
DA:6,16
DA:7,16
DA:8,16
DA:9,16
DA:11,16
DA:13,5
DA:14,5
DA:15,5
DA:18,16
DA:19,2
DA:20,2
DA:22,2
DA:28,2
DA:30,2
DA:31,2
DA:32,2
DA:40,2
DA:43,2
DA:44,2
DA:45,2
DA:47,0
DA:49,2
DA:53,16
DA:63,1
DA:74,1
DA:85,2
LF:27
LH:26
BRDA:47,0,0,0
BRDA:47,0,1,0
BRDA:98,1,0,3
BRDA:98,1,1,13
BRF:4
BRH:2
end_of_record
TN:
SF:src/components/UpdatePropertyForm.jsx
FN:5,(anonymous_0)
FN:19,(anonymous_1)
FN:66,(anonymous_2)
FN:76,(anonymous_3)
FN:87,(anonymous_4)
FN:98,(anonymous_5)
FN:109,(anonymous_6)
FN:120,(anonymous_7)
FN:120,(anonymous_8)
FN:130,(anonymous_9)
FN:130,(anonymous_10)
FN:142,(anonymous_11)
FN:151,(anonymous_12)
FN:163,(anonymous_13)
FNF:14
FNH:5
FNDA:6,(anonymous_0)
FNDA:1,(anonymous_1)
FNDA:1,(anonymous_2)
FNDA:0,(anonymous_3)
FNDA:1,(anonymous_4)
FNDA:0,(anonymous_5)
FNDA:1,(anonymous_6)
FNDA:0,(anonymous_7)
FNDA:0,(anonymous_8)
FNDA:0,(anonymous_9)
FNDA:0,(anonymous_10)
FNDA:0,(anonymous_11)
FNDA:0,(anonymous_12)
FNDA:0,(anonymous_13)
DA:5,1
DA:6,6
DA:7,6
DA:8,6
DA:9,6
DA:10,6
DA:11,6
DA:12,6
DA:13,6
DA:17,6
DA:19,6
DA:20,1
DA:22,1
DA:34,1
DA:36,1
DA:37,1
DA:38,1
DA:46,1
DA:48,1
DA:49,1
DA:51,0
DA:52,0
DA:56,6
DA:66,1
DA:76,0
DA:87,1
DA:98,0
DA:109,1
DA:120,0
DA:130,0
DA:142,0
DA:151,0
DA:163,0
LF:33
LH:24
BRDA:6,0,0,6
BRDA:6,0,1,0
BRDA:7,1,0,6
BRDA:7,1,1,0
BRDA:8,2,0,6
BRDA:8,2,1,0
BRDA:9,3,0,6
BRDA:9,3,1,0
BRDA:10,4,0,6
BRDA:10,4,1,0
BRDA:11,5,0,6
BRDA:11,5,1,0
BRDA:12,6,0,6
BRDA:12,6,1,0
BRDA:14,7,0,6
BRDA:14,7,1,0
BRDA:15,8,0,6
BRDA:15,8,1,0
BRDA:17,9,0,6
BRDA:17,9,1,0
BRDA:51,10,0,0
BRDA:51,10,1,0
BRF:22
BRH:10
end_of_record
TN:
SF:src/components/UpdateUserDetailsForm.jsx
FN:5,(anonymous_0)
FN:14,(anonymous_1)
FN:59,(anonymous_2)
FN:70,(anonymous_3)
FN:80,(anonymous_4)
FN:91,(anonymous_5)
FN:102,(anonymous_6)
FN:113,(anonymous_7)
FN:124,(anonymous_8)
FNF:9
FNH:1
FNDA:2,(anonymous_0)
FNDA:0,(anonymous_1)
FNDA:0,(anonymous_2)
FNDA:0,(anonymous_3)
FNDA:0,(anonymous_4)
FNDA:0,(anonymous_5)
FNDA:0,(anonymous_6)
FNDA:0,(anonymous_7)
FNDA:0,(anonymous_8)
DA:5,2
DA:6,2
DA:7,2
DA:8,2
DA:9,2
DA:10,2
DA:11,2
DA:12,2
DA:14,2
DA:15,0
DA:17,0
DA:27,0
DA:29,0
DA:30,0
DA:31,0
DA:39,0
DA:41,0
DA:42,0
DA:44,0
DA:45,0
DA:49,2
DA:59,0
DA:70,0
DA:80,0
DA:91,0
DA:102,0
DA:113,0
DA:124,0
LF:28
LH:10
BRDA:6,0,0,2
BRDA:6,0,1,0
BRDA:7,1,0,2
BRDA:7,1,1,0
BRDA:8,2,0,2
BRDA:8,2,1,0
BRDA:9,3,0,2
BRDA:9,3,1,0
BRDA:10,4,0,2
BRDA:10,4,1,0
BRDA:11,5,0,2
BRDA:11,5,1,0
BRDA:12,6,0,2
BRDA:12,6,1,0
BRDA:44,7,0,0
BRDA:44,7,1,0
BRF:16
BRH:7
end_of_record
TN:
SF:src/components/UserCard.jsx
FN:6,(anonymous_0)
FN:9,(anonymous_1)
FN:50,(anonymous_2)
FN:59,(anonymous_3)
FN:63,(anonymous_4)
FN:67,(anonymous_5)
FNF:6
FNH:2
FNDA:1,(anonymous_0)
FNDA:0,(anonymous_1)
FNDA:1,(anonymous_2)
FNDA:0,(anonymous_3)
FNDA:0,(anonymous_4)
FNDA:0,(anonymous_5)
DA:6,1
DA:7,1
DA:9,1
DA:10,0
DA:13,1
DA:50,1
DA:59,0
DA:64,0
DA:65,0
DA:67,0
LF:10
LH:5
BRDA:36,0,0,1
BRDA:36,0,1,0
BRDA:56,1,0,1
BRDA:56,1,1,0
BRF:4
BRH:2
end_of_record
TN:
SF:src/context/userContext.jsx
FN:7,(anonymous_0)
FN:10,(anonymous_1)
FN:11,(anonymous_2)
FNF:3
FNH:0
FNDA:0,(anonymous_0)
FNDA:0,(anonymous_1)
FNDA:0,(anonymous_2)
DA:5,2
DA:7,2
DA:8,0
DA:10,0
DA:11,0
DA:12,0
DA:13,0
DA:14,0
DA:15,0
DA:16,0
DA:19,0
DA:21,0
DA:22,0
DA:27,0
DA:30,0
LF:15
LH:2
BRDA:13,0,0,0
BRDA:13,0,1,0
BRF:2
BRH:0
end_of_record
TN:
SF:src/pages/authUtils.jsx
FN:3,(anonymous_0)
FN:7,(anonymous_1)
FN:11,(anonymous_2)
FN:15,(anonymous_3)
FN:25,(anonymous_4)
FNF:5
FNH:2
FNDA:0,(anonymous_0)
FNDA:3,(anonymous_1)
FNDA:1,(anonymous_2)
FNDA:0,(anonymous_3)
FNDA:0,(anonymous_4)
DA:3,6
DA:4,0
DA:7,6
DA:8,3
DA:11,6
DA:12,1
DA:15,6
DA:16,0
DA:17,0
DA:18,0
DA:20,0
DA:21,0
DA:25,6
DA:26,0
DA:27,0
DA:29,0
LF:16
LH:7
BRF:0
BRH:0
end_of_record
